#
# There is insufficient memory for the Java Runtime Environment to continue.
# Native memory allocation (malloc) failed to allocate 65552 bytes for Chunk::new
# Possible reasons:
#   The system is out of physical RAM or swap space
#   The process is running with CompressedOops enabled, and the Java Heap may be blocking the growth of the native heap
# Possible solutions:
#   Reduce memory load on the system
#   Increase physical memory or swap space
#   Check if swap backing store is full
#   Decrease Java heap size (-Xmx/-Xms)
#   Decrease number of Java threads
#   Decrease Java thread stack sizes (-Xss)
#   Set larger code cache with -XX:ReservedCodeCacheSize=
#   JVM is running with Unscaled Compressed Oops mode in which the Java heap is
#     placed in the first 4GB address space. The Java Heap base address is the
#     maximum limit for the native heap growth. Please use -XX:HeapBaseMinAddress
#     to set the Java Heap base and to place the Java Heap above 4GB virtual address.
# This output file may be truncated or incomplete.
#
#  Out of Memory Error (./src/hotspot/share/memory/arena.cpp:197), pid=5396, tid=10684
#
# JRE version: OpenJDK Runtime Environment (11.0.13) (build 11.0.13+0-b1751.21-8125866)
# Java VM: OpenJDK 64-Bit Server VM (11.0.13+0-b1751.21-8125866, mixed mode, tiered, compressed oops, g1 gc, windows-amd64)
# No core dump will be written. Minidumps are not enabled by default on client versions of Windows
#

---------------  S U M M A R Y ------------

Command Line: --add-opens=java.base/java.util=ALL-UNNAMED --add-opens=java.base/java.lang=ALL-UNNAMED --add-opens=java.base/java.lang.invoke=ALL-UNNAMED --add-opens=java.base/java.util=ALL-UNNAMED --add-opens=java.prefs/java.util.prefs=ALL-UNNAMED --add-opens=java.prefs/java.util.prefs=ALL-UNNAMED --add-opens=java.base/java.nio.charset=ALL-UNNAMED --add-opens=java.base/java.net=ALL-UNNAMED --add-opens=java.base/java.util.concurrent.atomic=ALL-UNNAMED -Xmx2048m -Dfile.encoding=UTF-8 -Duser.country=US -Duser.language=en -Duser.variant org.gradle.launcher.daemon.bootstrap.GradleDaemon 7.3.3

Host: 11th Gen Intel(R) Core(TM) i5-1135G7 @ 2.40GHz, 8 cores, 15G,  Windows 11 , 64 bit Build 22621 (10.0.22621.1105)
Time: Thu Jan 12 23:54:51 2023 W. Central Africa Standard Time elapsed time: 2700.102359 seconds (0d 0h 45m 0s)

---------------  T H R E A D  ---------------

Current thread (0x000001679b478000):  JavaThread "C2 CompilerThread2" daemon [_thread_in_native, id=10684, stack(0x0000005e99500000,0x0000005e99600000)]


Current CompileTask:
C2:2700102 16692   !   4       org.gradle.api.internal.artifacts.ivyservice.ResolvedFilesCollectingVisitor::visitArtifact (39 bytes)

Stack: [0x0000005e99500000,0x0000005e99600000]
Native frames: (J=compiled Java code, j=interpreted, Vv=VM code, C=native code)
V  [jvm.dll+0x6100fa]
V  [jvm.dll+0x747090]
V  [jvm.dll+0x7486ad]
V  [jvm.dll+0x748d83]
V  [jvm.dll+0x24ab48]
V  [jvm.dll+0xc04dc]
V  [jvm.dll+0xc0a0c]
V  [jvm.dll+0xc060c]
V  [jvm.dll+0x5eed90]
V  [jvm.dll+0x514b89]
V  [jvm.dll+0x5149af]
V  [jvm.dll+0x51419b]
V  [jvm.dll+0x51396f]
V  [jvm.dll+0x513936]
V  [jvm.dll+0x513983]
V  [jvm.dll+0x524796]
V  [jvm.dll+0x20491a]
V  [jvm.dll+0x2023c2]
V  [jvm.dll+0x188e01]
V  [jvm.dll+0x21106b]
V  [jvm.dll+0x20f8c1]
V  [jvm.dll+0x70de0f]
V  [jvm.dll+0x706a75]
V  [jvm.dll+0x60ed66]
C  [ucrtbase.dll+0x29363]
C  [KERNEL32.DLL+0x126bd]
C  [ntdll.dll+0x5dfb8]


---------------  P R O C E S S  ---------------

Threads class SMR info:
_java_thread_list=0x00000167a15466d0, length=128, elements={
0x00000167f8a1e000, 0x0000016795a48000, 0x0000016795a49000, 0x0000016795aa0800,
0x0000016795aa3800, 0x0000016795aa4800, 0x0000016795aa6000, 0x0000016795aad000,
0x0000016795ab0800, 0x0000016795c28000, 0x0000016798160000, 0x0000016795d36800,
0x0000016797bbb000, 0x0000016795caf800, 0x0000016795cb2800, 0x0000016795cb0800,
0x0000016795cae000, 0x0000016795cb1000, 0x0000016798dff000, 0x0000016798e03000,
0x0000016798e06800, 0x0000016798e04800, 0x0000016798e01800, 0x000001679c4ce000,
0x000001679c4d0800, 0x000001679c4d1000, 0x000001679c4d2000, 0x000001679c4d2800,
0x0000016798a46000, 0x0000016798a43000, 0x00000167a1278800, 0x000001679626c000,
0x00000167961a5000, 0x000001679619a800, 0x000001679619d800, 0x000001679619b000,
0x0000016796199800, 0x000001679619e800, 0x000001679619c000, 0x0000016796198800,
0x00000167961a1000, 0x000001679619f800, 0x000001679619d000, 0x000001679800b800,
0x00000167961a2800, 0x00000167961a4000, 0x00000167961a3800, 0x00000167961a6000,
0x000001679b478000, 0x00000167961a0000, 0x00000167961a6800, 0x00000167961a7800,
0x00000167961a1800, 0x00000167a1273000, 0x00000167a1271800, 0x00000167a126d800,
0x00000167a126e000, 0x00000167a1272000, 0x00000167a1274800, 0x00000167a126f800,
0x00000167a1274000, 0x00000167a126f000, 0x00000167a1276800, 0x00000167a1270800,
0x00000167a1279800, 0x00000167a1277000, 0x00000167a1275800, 0x00000167a1278000,
0x00000167a127a800, 0x00000167a127b000, 0x00000167a127c000, 0x000001679626d000,
0x000001679626f800, 0x000001679626d800, 0x000001679626b000, 0x000001679626e800,
0x000001679626a800, 0x0000016796269800, 0x0000016796274000, 0x0000016796271800,
0x0000016796273800, 0x0000016796276000, 0x0000016796270000, 0x0000016796275000,
0x0000016796276800, 0x0000016796272800, 0x0000016796271000, 0x0000016796277800,
0x0000016796278800, 0x0000016798a43800, 0x0000016798a40800, 0x0000016798a47800,
0x0000016798a45800, 0x0000016798a47000, 0x0000016798a48800, 0x0000016798a49800,
0x0000016798a4a000, 0x0000016798a44800, 0x0000016798a4b000, 0x0000016798a4c000,
0x0000016798a4c800, 0x0000016798a4d800, 0x0000016798a4e000, 0x0000016798a4f000,
0x000001679c4c8000, 0x000001679c4c9000, 0x000001679c4c9800, 0x000001679c4c4000,
0x000001679c4c5000, 0x000001679c4ca800, 0x000001679c4c6800, 0x000001679c4c5800,
0x000001679c4cb800, 0x000001679c4cc000, 0x000001679c4cd000, 0x000001679c4c7800,
0x000001679c4ce800, 0x000001679c4cf800, 0x0000016798e07000, 0x0000016798e08000,
0x0000016798e02800, 0x0000016798e09000, 0x0000016798e0b800, 0x0000016798e09800,
0x0000016798e05800, 0x0000016798e0a800, 0x0000016798e0c000, 0x0000016798e0d000
}

Java Threads: ( => current thread )
  0x00000167f8a1e000 JavaThread "main" [_thread_blocked, id=15644, stack(0x0000005e95f00000,0x0000005e96000000)]
  0x0000016795a48000 JavaThread "Reference Handler" daemon [_thread_blocked, id=13228, stack(0x0000005e96600000,0x0000005e96700000)]
  0x0000016795a49000 JavaThread "Finalizer" daemon [_thread_blocked, id=19100, stack(0x0000005e96700000,0x0000005e96800000)]
  0x0000016795aa0800 JavaThread "Signal Dispatcher" daemon [_thread_blocked, id=14244, stack(0x0000005e96800000,0x0000005e96900000)]
  0x0000016795aa3800 JavaThread "Attach Listener" daemon [_thread_blocked, id=6908, stack(0x0000005e96900000,0x0000005e96a00000)]
  0x0000016795aa4800 JavaThread "Service Thread" daemon [_thread_blocked, id=12888, stack(0x0000005e96a00000,0x0000005e96b00000)]
  0x0000016795aa6000 JavaThread "C2 CompilerThread0" daemon [_thread_in_native, id=11700, stack(0x0000005e96b00000,0x0000005e96c00000)]
  0x0000016795aad000 JavaThread "C1 CompilerThread0" daemon [_thread_blocked, id=18816, stack(0x0000005e96c00000,0x0000005e96d00000)]
  0x0000016795ab0800 JavaThread "Sweeper thread" daemon [_thread_blocked, id=17240, stack(0x0000005e96d00000,0x0000005e96e00000)]
  0x0000016795c28000 JavaThread "Common-Cleaner" daemon [_thread_blocked, id=17548, stack(0x0000005e96e00000,0x0000005e96f00000)]
  0x0000016798160000 JavaThread "Daemon health stats" [_thread_blocked, id=17860, stack(0x0000005e97700000,0x0000005e97800000)]
  0x0000016795d36800 JavaThread "Incoming local TCP Connector on port 49896" [_thread_in_native, id=13700, stack(0x0000005e97000000,0x0000005e97100000)]
  0x0000016797bbb000 JavaThread "Daemon periodic checks" [_thread_blocked, id=13612, stack(0x0000005e97600000,0x0000005e97700000)]
  0x0000016795caf800 JavaThread "Cache worker for journal cache (C:\Users\GEORGE\.gradle\caches\journal-1)" [_thread_blocked, id=15652, stack(0x0000005e97f00000,0x0000005e98000000)]
  0x0000016795cb2800 JavaThread "File lock request listener" [_thread_in_native, id=16564, stack(0x0000005e98000000,0x0000005e98100000)]
  0x0000016795cb0800 JavaThread "Cache worker for file hash cache (C:\Users\GEORGE\.gradle\caches\7.3.3\fileHashes)" [_thread_blocked, id=19264, stack(0x0000005e98100000,0x0000005e98200000)]
  0x0000016795cae000 JavaThread "File watcher server" daemon [_thread_in_native, id=17044, stack(0x0000005e98800000,0x0000005e98900000)]
  0x0000016795cb1000 JavaThread "File watcher consumer" daemon [_thread_blocked, id=19268, stack(0x0000005e98900000,0x0000005e98a00000)]
  0x0000016798dff000 JavaThread "Cache worker for execution history cache (C:\Users\GEORGE\.gradle\caches\7.3.3\executionHistory)" [_thread_blocked, id=18992, stack(0x0000005e98d00000,0x0000005e98e00000)]
  0x0000016798e03000 JavaThread "jar transforms" [_thread_blocked, id=8536, stack(0x0000005e98e00000,0x0000005e98f00000)]
  0x0000016798e06800 JavaThread "Cache worker for file content cache (C:\Users\GEORGE\.gradle\caches\7.3.3\fileContent)" [_thread_blocked, id=16280, stack(0x0000005e98f00000,0x0000005e99000000)]
  0x0000016798e04800 JavaThread "jar transforms Thread 2" [_thread_blocked, id=16160, stack(0x0000005e99000000,0x0000005e99100000)]
  0x0000016798e01800 JavaThread "jar transforms Thread 3" [_thread_blocked, id=17308, stack(0x0000005e99200000,0x0000005e99300000)]
  0x000001679c4ce000 JavaThread "jar transforms Thread 4" [_thread_blocked, id=18220, stack(0x0000005e9e400000,0x0000005e9e500000)]
  0x000001679c4d0800 JavaThread "jar transforms Thread 5" [_thread_blocked, id=16748, stack(0x0000005e9e500000,0x0000005e9e600000)]
  0x000001679c4d1000 JavaThread "jar transforms Thread 6" [_thread_blocked, id=5288, stack(0x0000005e9e600000,0x0000005e9e700000)]
  0x000001679c4d2000 JavaThread "jar transforms Thread 7" [_thread_blocked, id=16792, stack(0x0000005e9e700000,0x0000005e9e800000)]
  0x000001679c4d2800 JavaThread "jar transforms Thread 8" [_thread_blocked, id=11112, stack(0x0000005e9e800000,0x0000005e9e900000)]
  0x0000016798a46000 JavaThread "Memory manager" [_thread_blocked, id=15760, stack(0x0000005e98700000,0x0000005e98800000)]
  0x0000016798a43000 JavaThread "pool-3-thread-1" [_thread_blocked, id=15008, stack(0x0000005e9ec00000,0x0000005e9ed00000)]
  0x00000167a1278800 JavaThread "pool-6-thread-1" [_thread_blocked, id=18668, stack(0x0000005e9ee00000,0x0000005e9ef00000)]
  0x000001679626c000 JavaThread "pool-9-thread-1" [_thread_blocked, id=19584, stack(0x0000005e9ef00000,0x0000005e9f000000)]
  0x00000167961a5000 JavaThread "pool-12-thread-1" [_thread_blocked, id=1980, stack(0x0000005e9f000000,0x0000005e9f100000)]
  0x000001679619a800 JavaThread "Daemon Thread 5" [_thread_blocked, id=16552, stack(0x0000005e95c00000,0x0000005e95d00000)]
  0x000001679619d800 JavaThread "Handler for socket connection from /127.0.0.1:49896 to /127.0.0.1:50808" [_thread_in_native, id=20064, stack(0x0000005e95d00000,0x0000005e95e00000)]
  0x000001679619b000 JavaThread "Cancel handler" [_thread_blocked, id=4668, stack(0x0000005e95e00000,0x0000005e95f00000)]
  0x0000016796199800 JavaThread "Daemon worker Thread 5" [_thread_in_Java, id=2788, stack(0x0000005e97800000,0x0000005e97900000)]
  0x000001679619e800 JavaThread "Asynchronous log dispatcher for DefaultDaemonConnection: socket connection from /127.0.0.1:49896 to /127.0.0.1:50808" [_thread_blocked, id=20060, stack(0x0000005e97900000,0x0000005e97a00000)]
  0x000001679619c000 JavaThread "Stdin handler" [_thread_blocked, id=17468, stack(0x0000005e97a00000,0x0000005e97b00000)]
  0x0000016796198800 JavaThread "Daemon client event forwarder" [_thread_blocked, id=2508, stack(0x0000005e97b00000,0x0000005e97c00000)]
  0x00000167961a1000 JavaThread "Cache worker for file hash cache (C:\Users\GEORGE\AndroidStudioProjects\farmApp\.gradle\7.3.3\fileHashes)" [_thread_blocked, id=16360, stack(0x0000005e97c00000,0x0000005e97d00000)]
  0x000001679619f800 JavaThread "Cache worker for checksums cache (C:\Users\GEORGE\AndroidStudioProjects\farmApp\.gradle\7.3.3\checksums)" [_thread_blocked, id=18308, stack(0x0000005e97d00000,0x0000005e97e00000)]
  0x000001679619d000 JavaThread "Cache worker for cache directory md-supplier (C:\Users\GEORGE\.gradle\caches\7.3.3\md-supplier)" [_thread_blocked, id=10468, stack(0x0000005e97e00000,0x0000005e97f00000)]
  0x000001679800b800 JavaThread "C2 CompilerThread1" daemon [_thread_in_native, id=11736, stack(0x0000005e98500000,0x0000005e98600000)]
  0x00000167961a2800 JavaThread "Cache worker for cache directory md-rule (C:\Users\GEORGE\.gradle\caches\7.3.3\md-rule)" [_thread_blocked, id=16428, stack(0x0000005e98c00000,0x0000005e98d00000)]
  0x00000167961a4000 JavaThread "Cache worker for dependencies-accessors (C:\Users\GEORGE\AndroidStudioProjects\farmApp\.gradle\7.3.3\dependencies-accessors)" [_thread_blocked, id=16864, stack(0x0000005e99100000,0x0000005e99200000)]
  0x00000167961a3800 JavaThread "Cache worker for Build Output Cleanup Cache (C:\Users\GEORGE\AndroidStudioProjects\farmApp\.gradle\buildOutputCleanup)" [_thread_blocked, id=19240, stack(0x0000005e99300000,0x0000005e99400000)]
  0x00000167961a6000 JavaThread "Unconstrained build operations" [_thread_blocked, id=296, stack(0x0000005e99400000,0x0000005e99500000)]
=>0x000001679b478000 JavaThread "C2 CompilerThread2" daemon [_thread_in_native, id=10684, stack(0x0000005e99500000,0x0000005e99600000)]
  0x00000167961a0000 JavaThread "Unconstrained build operations Thread 2" [_thread_blocked, id=3200, stack(0x0000005e99600000,0x0000005e99700000)]
  0x00000167961a6800 JavaThread "Unconstrained build operations Thread 3" [_thread_blocked, id=19356, stack(0x0000005e99700000,0x0000005e99800000)]
  0x00000167961a7800 JavaThread "Unconstrained build operations Thread 4" [_thread_blocked, id=16904, stack(0x0000005e99800000,0x0000005e99900000)]
  0x00000167961a1800 JavaThread "Unconstrained build operations Thread 5" [_thread_blocked, id=2088, stack(0x0000005e99900000,0x0000005e99a00000)]
  0x00000167a1273000 JavaThread "Unconstrained build operations Thread 6" [_thread_blocked, id=18204, stack(0x0000005e99a00000,0x0000005e99b00000)]
  0x00000167a1271800 JavaThread "Unconstrained build operations Thread 7" [_thread_blocked, id=16176, stack(0x0000005e99b00000,0x0000005e99c00000)]
  0x00000167a126d800 JavaThread "Unconstrained build operations Thread 8" [_thread_blocked, id=17404, stack(0x0000005e99c00000,0x0000005e99d00000)]
  0x00000167a126e000 JavaThread "Unconstrained build operations Thread 9" [_thread_blocked, id=17716, stack(0x0000005e99d00000,0x0000005e99e00000)]
  0x00000167a1272000 JavaThread "Unconstrained build operations Thread 10" [_thread_blocked, id=19648, stack(0x0000005e99e00000,0x0000005e99f00000)]
  0x00000167a1274800 JavaThread "Unconstrained build operations Thread 11" [_thread_blocked, id=11196, stack(0x0000005e99f00000,0x0000005e9a000000)]
  0x00000167a126f800 JavaThread "Unconstrained build operations Thread 12" [_thread_blocked, id=19196, stack(0x0000005e9a000000,0x0000005e9a100000)]
  0x00000167a1274000 JavaThread "Unconstrained build operations Thread 13" [_thread_blocked, id=18620, stack(0x0000005e9a100000,0x0000005e9a200000)]
  0x00000167a126f000 JavaThread "Unconstrained build operations Thread 14" [_thread_blocked, id=16532, stack(0x0000005e9a200000,0x0000005e9a300000)]
  0x00000167a1276800 JavaThread "Unconstrained build operations Thread 15" [_thread_blocked, id=17012, stack(0x0000005e9a300000,0x0000005e9a400000)]
  0x00000167a1270800 JavaThread "Unconstrained build operations Thread 16" [_thread_blocked, id=17660, stack(0x0000005e9a400000,0x0000005e9a500000)]
  0x00000167a1279800 JavaThread "Unconstrained build operations Thread 17" [_thread_blocked, id=7548, stack(0x0000005e9a500000,0x0000005e9a600000)]
  0x00000167a1277000 JavaThread "Unconstrained build operations Thread 18" [_thread_blocked, id=18948, stack(0x0000005e9a600000,0x0000005e9a700000)]
  0x00000167a1275800 JavaThread "Unconstrained build operations Thread 19" [_thread_blocked, id=14232, stack(0x0000005e9a700000,0x0000005e9a800000)]
  0x00000167a1278000 JavaThread "Unconstrained build operations Thread 20" [_thread_blocked, id=18200, stack(0x0000005e9a800000,0x0000005e9a900000)]
  0x00000167a127a800 JavaThread "Unconstrained build operations Thread 21" [_thread_blocked, id=14724, stack(0x0000005e9a900000,0x0000005e9aa00000)]
  0x00000167a127b000 JavaThread "Unconstrained build operations Thread 22" [_thread_blocked, id=18900, stack(0x0000005e9aa00000,0x0000005e9ab00000)]
  0x00000167a127c000 JavaThread "Unconstrained build operations Thread 23" [_thread_blocked, id=12676, stack(0x0000005e9ab00000,0x0000005e9ac00000)]
  0x000001679626d000 JavaThread "Unconstrained build operations Thread 24" [_thread_blocked, id=12048, stack(0x0000005e9ac00000,0x0000005e9ad00000)]
  0x000001679626f800 JavaThread "Unconstrained build operations Thread 25" [_thread_blocked, id=19360, stack(0x0000005e9ad00000,0x0000005e9ae00000)]
  0x000001679626d800 JavaThread "Unconstrained build operations Thread 26" [_thread_blocked, id=20252, stack(0x0000005e9ae00000,0x0000005e9af00000)]
  0x000001679626b000 JavaThread "Unconstrained build operations Thread 27" [_thread_blocked, id=17440, stack(0x0000005e9af00000,0x0000005e9b000000)]
  0x000001679626e800 JavaThread "Unconstrained build operations Thread 28" [_thread_blocked, id=16456, stack(0x0000005e9b000000,0x0000005e9b100000)]
  0x000001679626a800 JavaThread "Unconstrained build operations Thread 29" [_thread_blocked, id=20136, stack(0x0000005e9b100000,0x0000005e9b200000)]
  0x0000016796269800 JavaThread "Unconstrained build operations Thread 30" [_thread_blocked, id=7092, stack(0x0000005e9b200000,0x0000005e9b300000)]
  0x0000016796274000 JavaThread "Unconstrained build operations Thread 31" [_thread_blocked, id=18144, stack(0x0000005e9b300000,0x0000005e9b400000)]
  0x0000016796271800 JavaThread "Unconstrained build operations Thread 32" [_thread_blocked, id=19788, stack(0x0000005e9b400000,0x0000005e9b500000)]
  0x0000016796273800 JavaThread "Unconstrained build operations Thread 33" [_thread_blocked, id=7180, stack(0x0000005e9b500000,0x0000005e9b600000)]
  0x0000016796276000 JavaThread "Unconstrained build operations Thread 34" [_thread_blocked, id=5252, stack(0x0000005e9b600000,0x0000005e9b700000)]
  0x0000016796270000 JavaThread "Unconstrained build operations Thread 35" [_thread_blocked, id=496, stack(0x0000005e9b700000,0x0000005e9b800000)]
  0x0000016796275000 JavaThread "Unconstrained build operations Thread 36" [_thread_blocked, id=7920, stack(0x0000005e9b800000,0x0000005e9b900000)]
  0x0000016796276800 JavaThread "Unconstrained build operations Thread 37" [_thread_blocked, id=18924, stack(0x0000005e9b900000,0x0000005e9ba00000)]
  0x0000016796272800 JavaThread "Unconstrained build operations Thread 38" [_thread_blocked, id=18868, stack(0x0000005e9ba00000,0x0000005e9bb00000)]
  0x0000016796271000 JavaThread "Unconstrained build operations Thread 39" [_thread_blocked, id=14484, stack(0x0000005e9bb00000,0x0000005e9bc00000)]
  0x0000016796277800 JavaThread "Unconstrained build operations Thread 40" [_thread_blocked, id=1484, stack(0x0000005e9bc00000,0x0000005e9bd00000)]
  0x0000016796278800 JavaThread "Unconstrained build operations Thread 41" [_thread_blocked, id=19260, stack(0x0000005e9bd00000,0x0000005e9be00000)]
  0x0000016798a43800 JavaThread "Unconstrained build operations Thread 42" [_thread_blocked, id=1844, stack(0x0000005e9be00000,0x0000005e9bf00000)]
  0x0000016798a40800 JavaThread "Unconstrained build operations Thread 43" [_thread_blocked, id=20204, stack(0x0000005e9bf00000,0x0000005e9c000000)]
  0x0000016798a47800 JavaThread "Unconstrained build operations Thread 44" [_thread_blocked, id=11224, stack(0x0000005e9c000000,0x0000005e9c100000)]
  0x0000016798a45800 JavaThread "Unconstrained build operations Thread 45" [_thread_blocked, id=20220, stack(0x0000005e9c100000,0x0000005e9c200000)]
  0x0000016798a47000 JavaThread "Unconstrained build operations Thread 46" [_thread_blocked, id=20116, stack(0x0000005e9c200000,0x0000005e9c300000)]
  0x0000016798a48800 JavaThread "Unconstrained build operations Thread 47" [_thread_blocked, id=17200, stack(0x0000005e9c300000,0x0000005e9c400000)]
  0x0000016798a49800 JavaThread "Unconstrained build operations Thread 48" [_thread_blocked, id=7680, stack(0x0000005e9c400000,0x0000005e9c500000)]
  0x0000016798a4a000 JavaThread "Unconstrained build operations Thread 49" [_thread_blocked, id=13760, stack(0x0000005e9c500000,0x0000005e9c600000)]
  0x0000016798a44800 JavaThread "Unconstrained build operations Thread 50" [_thread_blocked, id=17092, stack(0x0000005e9c600000,0x0000005e9c700000)]
  0x0000016798a4b000 JavaThread "Unconstrained build operations Thread 51" [_thread_blocked, id=11300, stack(0x0000005e9c700000,0x0000005e9c800000)]
  0x0000016798a4c000 JavaThread "Unconstrained build operations Thread 52" [_thread_blocked, id=12208, stack(0x0000005e9c800000,0x0000005e9c900000)]
  0x0000016798a4c800 JavaThread "Unconstrained build operations Thread 53" [_thread_blocked, id=14468, stack(0x0000005e9c900000,0x0000005e9ca00000)]
  0x0000016798a4d800 JavaThread "Unconstrained build operations Thread 54" [_thread_blocked, id=1568, stack(0x0000005e9ca00000,0x0000005e9cb00000)]
  0x0000016798a4e000 JavaThread "Unconstrained build operations Thread 55" [_thread_blocked, id=15736, stack(0x0000005e9cb00000,0x0000005e9cc00000)]
  0x0000016798a4f000 JavaThread "Unconstrained build operations Thread 56" [_thread_blocked, id=7216, stack(0x0000005e9cc00000,0x0000005e9cd00000)]
  0x000001679c4c8000 JavaThread "Unconstrained build operations Thread 57" [_thread_blocked, id=16292, stack(0x0000005e9cd00000,0x0000005e9ce00000)]
  0x000001679c4c9000 JavaThread "Unconstrained build operations Thread 58" [_thread_blocked, id=9128, stack(0x0000005e9ce00000,0x0000005e9cf00000)]
  0x000001679c4c9800 JavaThread "Unconstrained build operations Thread 59" [_thread_blocked, id=19516, stack(0x0000005e9cf00000,0x0000005e9d000000)]
  0x000001679c4c4000 JavaThread "Unconstrained build operations Thread 60" [_thread_blocked, id=18324, stack(0x0000005e9d000000,0x0000005e9d100000)]
  0x000001679c4c5000 JavaThread "Unconstrained build operations Thread 61" [_thread_blocked, id=7248, stack(0x0000005e9d100000,0x0000005e9d200000)]
  0x000001679c4ca800 JavaThread "Unconstrained build operations Thread 62" [_thread_blocked, id=11972, stack(0x0000005e9d200000,0x0000005e9d300000)]
  0x000001679c4c6800 JavaThread "Unconstrained build operations Thread 63" [_thread_blocked, id=20336, stack(0x0000005e9d300000,0x0000005e9d400000)]
  0x000001679c4c5800 JavaThread "Unconstrained build operations Thread 64" [_thread_blocked, id=456, stack(0x0000005e9d400000,0x0000005e9d500000)]
  0x000001679c4cb800 JavaThread "Unconstrained build operations Thread 65" [_thread_blocked, id=2328, stack(0x0000005e9d500000,0x0000005e9d600000)]
  0x000001679c4cc000 JavaThread "Unconstrained build operations Thread 66" [_thread_blocked, id=16916, stack(0x0000005e9d600000,0x0000005e9d700000)]
  0x000001679c4cd000 JavaThread "Unconstrained build operations Thread 67" [_thread_blocked, id=9744, stack(0x0000005e9d700000,0x0000005e9d800000)]
  0x000001679c4c7800 JavaThread "Unconstrained build operations Thread 68" [_thread_blocked, id=17488, stack(0x0000005e9d800000,0x0000005e9d900000)]
  0x000001679c4ce800 JavaThread "Unconstrained build operations Thread 69" [_thread_blocked, id=2932, stack(0x0000005e9d900000,0x0000005e9da00000)]
  0x000001679c4cf800 JavaThread "Unconstrained build operations Thread 70" [_thread_blocked, id=14960, stack(0x0000005e9da00000,0x0000005e9db00000)]
  0x0000016798e07000 JavaThread "Unconstrained build operations Thread 71" [_thread_blocked, id=3744, stack(0x0000005e9db00000,0x0000005e9dc00000)]
  0x0000016798e08000 JavaThread "Unconstrained build operations Thread 72" [_thread_blocked, id=6292, stack(0x0000005e9dc00000,0x0000005e9dd00000)]
  0x0000016798e02800 JavaThread "Unconstrained build operations Thread 73" [_thread_blocked, id=17708, stack(0x0000005e9dd00000,0x0000005e9de00000)]
  0x0000016798e09000 JavaThread "Unconstrained build operations Thread 74" [_thread_blocked, id=14624, stack(0x0000005e9de00000,0x0000005e9df00000)]
  0x0000016798e0b800 JavaThread "Unconstrained build operations Thread 75" [_thread_blocked, id=15180, stack(0x0000005e9df00000,0x0000005e9e000000)]
  0x0000016798e09800 JavaThread "Unconstrained build operations Thread 76" [_thread_blocked, id=18664, stack(0x0000005e9e000000,0x0000005e9e100000)]
  0x0000016798e05800 JavaThread "Unconstrained build operations Thread 77" [_thread_blocked, id=17704, stack(0x0000005e9e100000,0x0000005e9e200000)]
  0x0000016798e0a800 JavaThread "Unconstrained build operations Thread 78" [_thread_blocked, id=9420, stack(0x0000005e9e200000,0x0000005e9e300000)]
  0x0000016798e0c000 JavaThread "Unconstrained build operations Thread 79" [_thread_blocked, id=18932, stack(0x0000005e9e300000,0x0000005e9e400000)]
  0x0000016798e0d000 JavaThread "Unconstrained build operations Thread 80" [_thread_blocked, id=14028, stack(0x0000005e9eb00000,0x0000005e9ec00000)]

Other Threads:
  0x0000016795a3f800 VMThread "VM Thread" [stack: 0x0000005e96500000,0x0000005e96600000] [id=13416]
  0x0000016795c2d000 WatcherThread [stack: 0x0000005e96f00000,0x0000005e97000000] [id=2956]
  0x00000167f8c13800 GCTaskThread "GC Thread#0" [stack: 0x0000005e96000000,0x0000005e96100000] [id=16272]
  0x00000167967b7800 GCTaskThread "GC Thread#1" [stack: 0x0000005e97100000,0x0000005e97200000] [id=6348]
  0x0000016796864000 GCTaskThread "GC Thread#2" [stack: 0x0000005e97200000,0x0000005e97300000] [id=1792]
  0x0000016796985800 GCTaskThread "GC Thread#3" [stack: 0x0000005e97300000,0x0000005e97400000] [id=3340]
  0x00000167967f0800 GCTaskThread "GC Thread#4" [stack: 0x0000005e97400000,0x0000005e97500000] [id=11812]
  0x00000167960ce000 GCTaskThread "GC Thread#5" [stack: 0x0000005e97500000,0x0000005e97600000] [id=14896]
  0x0000016797c97800 GCTaskThread "GC Thread#6" [stack: 0x0000005e98200000,0x0000005e98300000] [id=2136]
  0x0000016798504800 GCTaskThread "GC Thread#7" [stack: 0x0000005e98300000,0x0000005e98400000] [id=6572]
  0x00000167f8c47000 ConcurrentGCThread "G1 Main Marker" [stack: 0x0000005e96100000,0x0000005e96200000] [id=18568]
  0x00000167f8c48800 ConcurrentGCThread "G1 Conc#0" [stack: 0x0000005e96200000,0x0000005e96300000] [id=9104]
  0x0000016797239000 ConcurrentGCThread "G1 Conc#1" [stack: 0x0000005e98400000,0x0000005e98500000] [id=17260]
  0x00000167f8cce800 ConcurrentGCThread "G1 Refine#0" [stack: 0x0000005e96300000,0x0000005e96400000] [id=17828]
  0x000001679b862800 ConcurrentGCThread "G1 Refine#1" [stack: 0x0000005e9e900000,0x0000005e9ea00000] [id=304]
  0x000001679ddab800 ConcurrentGCThread "G1 Refine#2" [stack: 0x0000005e9ea00000,0x0000005e9eb00000] [id=3128]
  0x00000167970e4800 ConcurrentGCThread "G1 Refine#3" [stack: 0x0000005e98600000,0x0000005e98700000] [id=13440]
  0x0000016795ed6800 ConcurrentGCThread "G1 Refine#4" [stack: 0x0000005e98a00000,0x0000005e98b00000] [id=15856]
  0x00000167a1899800 ConcurrentGCThread "G1 Refine#5" [stack: 0x0000005e98b00000,0x0000005e98c00000] [id=17700]
  0x000001679508e800 ConcurrentGCThread "G1 Young RemSet Sampling" [stack: 0x0000005e96400000,0x0000005e96500000] [id=17108]

Threads with active compile tasks:
C2 CompilerThread02700163 16634       4       sun.reflect.generics.parser.SignatureParser::parsePackageNameAndSimpleClassTypeSignature (119 bytes)
C2 CompilerThread12700163 16690   !   4       org.gradle.cache.internal.DefaultCacheAccess::useCache (191 bytes)
C2 CompilerThread22700163 16692   !   4       org.gradle.api.internal.artifacts.ivyservice.ResolvedFilesCollectingVisitor::visitArtifact (39 bytes)

VM state:not at safepoint (normal execution)

VM Mutex/Monitor currently owned by a thread: None

Heap address: 0x0000000080000000, size: 2048 MB, Compressed Oops mode: 32-bit
Narrow klass base: 0x0000000000000000, Narrow klass shift: 3
Compressed class space size: 1073741824 Address: 0x0000000100000000

Heap:
 garbage-first heap   total 258048K, used 156282K [0x0000000080000000, 0x0000000100000000)
  region size 1024K, 51 young (52224K), 2 survivors (2048K)
 Metaspace       used 100002K, capacity 102630K, committed 103120K, reserved 1138688K
  class space    used 12070K, capacity 13046K, committed 13312K, reserved 1048576K
Heap Regions: E=young(eden), S=young(survivor), O=old, HS=humongous(starts), HC=humongous(continues), CS=collection set, F=free, A=archive, TAMS=top-at-mark-start (previous, next)
|   0|0x0000000080000000, 0x0000000080100000, 0x0000000080100000|100%| O|  |TAMS 0x0000000080100000, 0x0000000080000000| Untracked 
|   1|0x0000000080100000, 0x0000000080200000, 0x0000000080200000|100%| O|  |TAMS 0x0000000080200000, 0x0000000080100000| Untracked 
|   2|0x0000000080200000, 0x0000000080300000, 0x0000000080300000|100%| O|  |TAMS 0x0000000080300000, 0x0000000080200000| Untracked 
|   3|0x0000000080300000, 0x0000000080400000, 0x0000000080400000|100%|HS|  |TAMS 0x0000000080400000, 0x0000000080300000| Complete 
|   4|0x0000000080400000, 0x0000000080500000, 0x0000000080500000|100%|HC|  |TAMS 0x0000000080500000, 0x0000000080400000| Complete 
|   5|0x0000000080500000, 0x0000000080600000, 0x0000000080600000|100%|HC|  |TAMS 0x0000000080600000, 0x0000000080500000| Complete 
|   6|0x0000000080600000, 0x0000000080700000, 0x0000000080700000|100%| O|  |TAMS 0x0000000080700000, 0x0000000080600000| Untracked 
|   7|0x0000000080700000, 0x0000000080800000, 0x0000000080800000|100%| O|  |TAMS 0x0000000080800000, 0x0000000080700000| Untracked 
|   8|0x0000000080800000, 0x0000000080900000, 0x0000000080900000|100%| O|  |TAMS 0x0000000080900000, 0x0000000080800000| Untracked 
|   9|0x0000000080900000, 0x0000000080a00000, 0x0000000080a00000|100%| O|  |TAMS 0x0000000080a00000, 0x0000000080900000| Untracked 
|  10|0x0000000080a00000, 0x0000000080b00000, 0x0000000080b00000|100%| O|  |TAMS 0x0000000080b00000, 0x0000000080a00000| Untracked 
|  11|0x0000000080b00000, 0x0000000080c00000, 0x0000000080c00000|100%| O|  |TAMS 0x0000000080c00000, 0x0000000080b00000| Untracked 
|  12|0x0000000080c00000, 0x0000000080d00000, 0x0000000080d00000|100%| O|  |TAMS 0x0000000080d00000, 0x0000000080c00000| Untracked 
|  13|0x0000000080d00000, 0x0000000080e00000, 0x0000000080e00000|100%| O|  |TAMS 0x0000000080e00000, 0x0000000080d00000| Untracked 
|  14|0x0000000080e00000, 0x0000000080f00000, 0x0000000080f00000|100%| O|  |TAMS 0x0000000080f00000, 0x0000000080e00000| Untracked 
|  15|0x0000000080f00000, 0x0000000081000000, 0x0000000081000000|100%| O|  |TAMS 0x0000000081000000, 0x0000000080f00000| Untracked 
|  16|0x0000000081000000, 0x0000000081100000, 0x0000000081100000|100%| O|  |TAMS 0x0000000081100000, 0x0000000081000000| Untracked 
|  17|0x0000000081100000, 0x0000000081200000, 0x0000000081200000|100%|HS|  |TAMS 0x0000000081200000, 0x0000000081100000| Complete 
|  18|0x0000000081200000, 0x0000000081300000, 0x0000000081300000|100%|HS|  |TAMS 0x0000000081300000, 0x0000000081200000| Complete 
|  19|0x0000000081300000, 0x0000000081400000, 0x0000000081400000|100%|HS|  |TAMS 0x0000000081400000, 0x0000000081300000| Complete 
|  20|0x0000000081400000, 0x0000000081500000, 0x0000000081500000|100%|HC|  |TAMS 0x0000000081500000, 0x0000000081400000| Complete 
|  21|0x0000000081500000, 0x0000000081600000, 0x0000000081600000|100%| O|  |TAMS 0x0000000081600000, 0x0000000081500000| Untracked 
|  22|0x0000000081600000, 0x0000000081700000, 0x0000000081700000|100%| O|  |TAMS 0x0000000081700000, 0x0000000081600000| Untracked 
|  23|0x0000000081700000, 0x0000000081800000, 0x0000000081800000|100%| O|  |TAMS 0x0000000081800000, 0x0000000081700000| Untracked 
|  24|0x0000000081800000, 0x0000000081900000, 0x0000000081900000|100%| O|  |TAMS 0x0000000081900000, 0x0000000081800000| Untracked 
|  25|0x0000000081900000, 0x0000000081a00000, 0x0000000081a00000|100%| O|  |TAMS 0x0000000081900000, 0x0000000081900000| Untracked 
|  26|0x0000000081a00000, 0x0000000081b00000, 0x0000000081b00000|100%| O|  |TAMS 0x0000000081b00000, 0x0000000081a00000| Untracked 
|  27|0x0000000081b00000, 0x0000000081c00000, 0x0000000081c00000|100%| O|  |TAMS 0x0000000081c00000, 0x0000000081b00000| Untracked 
|  28|0x0000000081c00000, 0x0000000081d00000, 0x0000000081d00000|100%| O|  |TAMS 0x0000000081d00000, 0x0000000081c00000| Untracked 
|  29|0x0000000081d00000, 0x0000000081e00000, 0x0000000081e00000|100%| O|  |TAMS 0x0000000081e00000, 0x0000000081d00000| Untracked 
|  30|0x0000000081e00000, 0x0000000081f00000, 0x0000000081f00000|100%| O|  |TAMS 0x0000000081f00000, 0x0000000081e00000| Untracked 
|  31|0x0000000081f00000, 0x0000000082000000, 0x0000000082000000|100%| O|  |TAMS 0x0000000082000000, 0x0000000081f00000| Untracked 
|  32|0x0000000082000000, 0x0000000082100000, 0x0000000082100000|100%| O|  |TAMS 0x0000000082100000, 0x0000000082000000| Untracked 
|  33|0x0000000082100000, 0x0000000082200000, 0x0000000082200000|100%| O|  |TAMS 0x0000000082200000, 0x0000000082100000| Untracked 
|  34|0x0000000082200000, 0x0000000082300000, 0x0000000082300000|100%| O|  |TAMS 0x0000000082300000, 0x0000000082200000| Untracked 
|  35|0x0000000082300000, 0x0000000082400000, 0x0000000082400000|100%| O|  |TAMS 0x0000000082400000, 0x0000000082300000| Untracked 
|  36|0x0000000082400000, 0x0000000082500000, 0x0000000082500000|100%| O|  |TAMS 0x0000000082500000, 0x0000000082400000| Untracked 
|  37|0x0000000082500000, 0x0000000082600000, 0x0000000082600000|100%| O|  |TAMS 0x0000000082600000, 0x0000000082500000| Untracked 
|  38|0x0000000082600000, 0x0000000082700000, 0x0000000082700000|100%| O|  |TAMS 0x0000000082700000, 0x0000000082600000| Untracked 
|  39|0x0000000082700000, 0x0000000082800000, 0x0000000082800000|100%| O|  |TAMS 0x0000000082800000, 0x0000000082700000| Untracked 
|  40|0x0000000082800000, 0x0000000082900000, 0x0000000082900000|100%| O|  |TAMS 0x0000000082900000, 0x0000000082800000| Untracked 
|  41|0x0000000082900000, 0x0000000082a00000, 0x0000000082a00000|100%| O|  |TAMS 0x0000000082a00000, 0x0000000082900000| Untracked 
|  42|0x0000000082a00000, 0x0000000082b00000, 0x0000000082b00000|100%| O|  |TAMS 0x0000000082b00000, 0x0000000082a00000| Untracked 
|  43|0x0000000082b00000, 0x0000000082c00000, 0x0000000082c00000|100%| O|  |TAMS 0x0000000082c00000, 0x0000000082b00000| Untracked 
|  44|0x0000000082c00000, 0x0000000082d00000, 0x0000000082d00000|100%| O|  |TAMS 0x0000000082d00000, 0x0000000082c00000| Untracked 
|  45|0x0000000082d00000, 0x0000000082e00000, 0x0000000082e00000|100%| O|  |TAMS 0x0000000082e00000, 0x0000000082d00000| Untracked 
|  46|0x0000000082e00000, 0x0000000082f00000, 0x0000000082f00000|100%| O|  |TAMS 0x0000000082f00000, 0x0000000082e00000| Untracked 
|  47|0x0000000082f00000, 0x0000000083000000, 0x0000000083000000|100%| O|  |TAMS 0x0000000083000000, 0x0000000082f00000| Untracked 
|  48|0x0000000083000000, 0x0000000083100000, 0x0000000083100000|100%| O|  |TAMS 0x0000000083100000, 0x0000000083000000| Untracked 
|  49|0x0000000083100000, 0x0000000083200000, 0x0000000083200000|100%| O|  |TAMS 0x0000000083100000, 0x0000000083100000| Untracked 
|  50|0x0000000083200000, 0x0000000083200000, 0x0000000083300000|  0%| F|  |TAMS 0x0000000083200000, 0x0000000083200000| Untracked 
|  51|0x0000000083300000, 0x0000000083300000, 0x0000000083400000|  0%| F|  |TAMS 0x0000000083300000, 0x0000000083300000| Untracked 
|  52|0x0000000083400000, 0x0000000083500000, 0x0000000083500000|100%| O|  |TAMS 0x0000000083500000, 0x0000000083400000| Untracked 
|  53|0x0000000083500000, 0x0000000083500000, 0x0000000083600000|  0%| F|  |TAMS 0x0000000083500000, 0x0000000083500000| Untracked 
|  54|0x0000000083600000, 0x0000000083700000, 0x0000000083700000|100%| O|  |TAMS 0x0000000083700000, 0x0000000083600000| Untracked 
|  55|0x0000000083700000, 0x0000000083800000, 0x0000000083800000|100%| O|  |TAMS 0x0000000083800000, 0x0000000083700000| Untracked 
|  56|0x0000000083800000, 0x0000000083900000, 0x0000000083900000|100%| O|  |TAMS 0x0000000083900000, 0x0000000083800000| Untracked 
|  57|0x0000000083900000, 0x0000000083a00000, 0x0000000083a00000|100%| O|  |TAMS 0x0000000083a00000, 0x0000000083900000| Untracked 
|  58|0x0000000083a00000, 0x0000000083b00000, 0x0000000083b00000|100%| O|  |TAMS 0x0000000083b00000, 0x0000000083a00000| Untracked 
|  59|0x0000000083b00000, 0x0000000083c00000, 0x0000000083c00000|100%| O|  |TAMS 0x0000000083c00000, 0x0000000083b00000| Untracked 
|  60|0x0000000083c00000, 0x0000000083d00000, 0x0000000083d00000|100%| O|  |TAMS 0x0000000083d00000, 0x0000000083c00000| Untracked 
|  61|0x0000000083d00000, 0x0000000083e00000, 0x0000000083e00000|100%| O|  |TAMS 0x0000000083e00000, 0x0000000083d00000| Untracked 
|  62|0x0000000083e00000, 0x0000000083f00000, 0x0000000083f00000|100%| O|  |TAMS 0x0000000083f00000, 0x0000000083e00000| Untracked 
|  63|0x0000000083f00000, 0x0000000084000000, 0x0000000084000000|100%| O|  |TAMS 0x0000000083f00000, 0x0000000083f00000| Untracked 
|  64|0x0000000084000000, 0x0000000084100000, 0x0000000084100000|100%| O|  |TAMS 0x0000000084000000, 0x0000000084000000| Untracked 
|  65|0x0000000084100000, 0x0000000084200000, 0x0000000084200000|100%| O|  |TAMS 0x0000000084100000, 0x0000000084100000| Untracked 
|  66|0x0000000084200000, 0x0000000084300000, 0x0000000084300000|100%| O|  |TAMS 0x0000000084200000, 0x0000000084200000| Untracked 
|  67|0x0000000084300000, 0x0000000084400000, 0x0000000084400000|100%| O|  |TAMS 0x0000000084400000, 0x0000000084300000| Untracked 
|  68|0x0000000084400000, 0x0000000084500000, 0x0000000084500000|100%| O|  |TAMS 0x0000000084500000, 0x0000000084400000| Untracked 
|  69|0x0000000084500000, 0x0000000084600000, 0x0000000084600000|100%| O|  |TAMS 0x0000000084500000, 0x0000000084500000| Untracked 
|  70|0x0000000084600000, 0x0000000084700000, 0x0000000084700000|100%| O|  |TAMS 0x0000000084700000, 0x0000000084600000| Untracked 
|  71|0x0000000084700000, 0x0000000084800000, 0x0000000084800000|100%| O|  |TAMS 0x0000000084800000, 0x0000000084700000| Untracked 
|  72|0x0000000084800000, 0x0000000084900000, 0x0000000084900000|100%| O|  |TAMS 0x0000000084900000, 0x0000000084800000| Untracked 
|  73|0x0000000084900000, 0x0000000084a00000, 0x0000000084a00000|100%| O|  |TAMS 0x0000000084a00000, 0x0000000084900000| Untracked 
|  74|0x0000000084a00000, 0x0000000084b00000, 0x0000000084b00000|100%| O|  |TAMS 0x0000000084b00000, 0x0000000084a00000| Untracked 
|  75|0x0000000084b00000, 0x0000000084c00000, 0x0000000084c00000|100%| O|  |TAMS 0x0000000084b00000, 0x0000000084b00000| Untracked 
|  76|0x0000000084c00000, 0x0000000084d00000, 0x0000000084d00000|100%| O|  |TAMS 0x0000000084c00000, 0x0000000084c00000| Untracked 
|  77|0x0000000084d00000, 0x0000000084e00000, 0x0000000084e00000|100%| O|  |TAMS 0x0000000084d00000, 0x0000000084d00000| Untracked 
|  78|0x0000000084e00000, 0x0000000084f00000, 0x0000000084f00000|100%| O|  |TAMS 0x0000000084f00000, 0x0000000084e00000| Untracked 
|  79|0x0000000084f00000, 0x0000000085000000, 0x0000000085000000|100%| O|  |TAMS 0x0000000085000000, 0x0000000084f00000| Untracked 
|  80|0x0000000085000000, 0x0000000085100000, 0x0000000085100000|100%| O|  |TAMS 0x0000000085100000, 0x0000000085000000| Untracked 
|  81|0x0000000085100000, 0x0000000085200000, 0x0000000085200000|100%| O|  |TAMS 0x0000000085200000, 0x0000000085100000| Untracked 
|  82|0x0000000085200000, 0x0000000085300000, 0x0000000085300000|100%| O|  |TAMS 0x0000000085300000, 0x0000000085200000| Untracked 
|  83|0x0000000085300000, 0x0000000085400000, 0x0000000085400000|100%| O|  |TAMS 0x0000000085300000, 0x0000000085300000| Untracked 
|  84|0x0000000085400000, 0x0000000085500000, 0x0000000085500000|100%| O|  |TAMS 0x0000000085400000, 0x0000000085400000| Untracked 
|  85|0x0000000085500000, 0x0000000085600000, 0x0000000085600000|100%| O|  |TAMS 0x0000000085500000, 0x0000000085500000| Untracked 
|  86|0x0000000085600000, 0x0000000085700000, 0x0000000085700000|100%| O|  |TAMS 0x0000000085700000, 0x0000000085600000| Untracked 
|  87|0x0000000085700000, 0x0000000085800000, 0x0000000085800000|100%| O|  |TAMS 0x0000000085800000, 0x0000000085700000| Untracked 
|  88|0x0000000085800000, 0x0000000085800000, 0x0000000085900000|  0%| F|  |TAMS 0x0000000085800000, 0x0000000085800000| Untracked 
|  89|0x0000000085900000, 0x0000000085a00000, 0x0000000085a00000|100%| O|  |TAMS 0x0000000085a00000, 0x0000000085900000| Untracked 
|  90|0x0000000085a00000, 0x0000000085b00000, 0x0000000085b00000|100%| O|  |TAMS 0x0000000085b00000, 0x0000000085a00000| Untracked 
|  91|0x0000000085b00000, 0x0000000085c00000, 0x0000000085c00000|100%| O|  |TAMS 0x0000000085c00000, 0x0000000085b00000| Untracked 
|  92|0x0000000085c00000, 0x0000000085c00000, 0x0000000085d00000|  0%| F|  |TAMS 0x0000000085c00000, 0x0000000085c00000| Untracked 
|  93|0x0000000085d00000, 0x0000000085e00000, 0x0000000085e00000|100%| O|  |TAMS 0x0000000085e00000, 0x0000000085d00000| Untracked 
|  94|0x0000000085e00000, 0x0000000085f00000, 0x0000000085f00000|100%| O|  |TAMS 0x0000000085f00000, 0x0000000085e00000| Untracked 
|  95|0x0000000085f00000, 0x0000000086000000, 0x0000000086000000|100%| O|  |TAMS 0x0000000086000000, 0x0000000085f00000| Untracked 
|  96|0x0000000086000000, 0x0000000086100000, 0x0000000086100000|100%| O|  |TAMS 0x0000000086000000, 0x0000000086000000| Untracked 
|  97|0x0000000086100000, 0x0000000086100000, 0x0000000086200000|  0%| F|  |TAMS 0x0000000086100000, 0x0000000086100000| Untracked 
|  98|0x0000000086200000, 0x000000008623c000, 0x0000000086300000| 23%| O|  |TAMS 0x0000000086200000, 0x0000000086200000| Untracked 
|  99|0x0000000086300000, 0x0000000086300000, 0x0000000086400000|  0%| F|  |TAMS 0x0000000086300000, 0x0000000086300000| Untracked 
| 100|0x0000000086400000, 0x0000000086400000, 0x0000000086500000|  0%| F|  |TAMS 0x0000000086400000, 0x0000000086400000| Untracked 
| 101|0x0000000086500000, 0x0000000086500000, 0x0000000086600000|  0%| F|  |TAMS 0x0000000086500000, 0x0000000086500000| Untracked 
| 102|0x0000000086600000, 0x0000000086600000, 0x0000000086700000|  0%| F|  |TAMS 0x0000000086600000, 0x0000000086600000| Untracked 
| 103|0x0000000086700000, 0x0000000086700000, 0x0000000086800000|  0%| F|  |TAMS 0x0000000086700000, 0x0000000086700000| Untracked 
| 104|0x0000000086800000, 0x0000000086800000, 0x0000000086900000|  0%| F|  |TAMS 0x0000000086800000, 0x0000000086800000| Untracked 
| 105|0x0000000086900000, 0x0000000086900000, 0x0000000086a00000|  0%| F|  |TAMS 0x0000000086900000, 0x0000000086900000| Untracked 
| 106|0x0000000086a00000, 0x0000000086a00000, 0x0000000086b00000|  0%| F|  |TAMS 0x0000000086a00000, 0x0000000086a00000| Untracked 
| 107|0x0000000086b00000, 0x0000000086b00000, 0x0000000086c00000|  0%| F|  |TAMS 0x0000000086b00000, 0x0000000086b00000| Untracked 
| 108|0x0000000086c00000, 0x0000000086c00000, 0x0000000086d00000|  0%| F|  |TAMS 0x0000000086c00000, 0x0000000086c00000| Untracked 
| 109|0x0000000086d00000, 0x0000000086d00000, 0x0000000086e00000|  0%| F|  |TAMS 0x0000000086d00000, 0x0000000086d00000| Untracked 
| 110|0x0000000086e00000, 0x0000000086e00000, 0x0000000086f00000|  0%| F|  |TAMS 0x0000000086e00000, 0x0000000086e00000| Untracked 
| 111|0x0000000086f00000, 0x0000000086f00000, 0x0000000087000000|  0%| F|  |TAMS 0x0000000086f00000, 0x0000000086f00000| Untracked 
| 112|0x0000000087000000, 0x0000000087000000, 0x0000000087100000|  0%| F|  |TAMS 0x0000000087000000, 0x0000000087000000| Untracked 
| 113|0x0000000087100000, 0x0000000087200000, 0x0000000087200000|100%| O|  |TAMS 0x0000000087200000, 0x0000000087100000| Untracked 
| 114|0x0000000087200000, 0x0000000087300000, 0x0000000087300000|100%| O|  |TAMS 0x0000000087300000, 0x0000000087200000| Untracked 
| 115|0x0000000087300000, 0x0000000087400000, 0x0000000087400000|100%| O|  |TAMS 0x0000000087400000, 0x0000000087300000| Untracked 
| 116|0x0000000087400000, 0x0000000087500000, 0x0000000087500000|100%| O|  |TAMS 0x0000000087500000, 0x0000000087400000| Untracked 
| 117|0x0000000087500000, 0x0000000087600000, 0x0000000087600000|100%| O|  |TAMS 0x0000000087600000, 0x0000000087500000| Untracked 
| 118|0x0000000087600000, 0x0000000087600000, 0x0000000087700000|  0%| F|  |TAMS 0x0000000087600000, 0x0000000087600000| Untracked 
| 119|0x0000000087700000, 0x0000000087700000, 0x0000000087800000|  0%| F|  |TAMS 0x0000000087700000, 0x0000000087700000| Untracked 
| 120|0x0000000087800000, 0x0000000087800000, 0x0000000087900000|  0%| F|  |TAMS 0x0000000087800000, 0x0000000087800000| Untracked 
| 121|0x0000000087900000, 0x0000000087900000, 0x0000000087a00000|  0%| F|  |TAMS 0x0000000087900000, 0x0000000087900000| Untracked 
| 122|0x0000000087a00000, 0x0000000087b00000, 0x0000000087b00000|100%| O|  |TAMS 0x0000000087b00000, 0x0000000087a00000| Untracked 
| 123|0x0000000087b00000, 0x0000000087c00000, 0x0000000087c00000|100%| O|  |TAMS 0x0000000087c00000, 0x0000000087b00000| Untracked 
| 124|0x0000000087c00000, 0x0000000087d00000, 0x0000000087d00000|100%| O|  |TAMS 0x0000000087d00000, 0x0000000087c00000| Untracked 
| 125|0x0000000087d00000, 0x0000000087d00000, 0x0000000087e00000|  0%| F|  |TAMS 0x0000000087d00000, 0x0000000087d00000| Untracked 
| 126|0x0000000087e00000, 0x0000000087e00000, 0x0000000087f00000|  0%| F|  |TAMS 0x0000000087e00000, 0x0000000087e00000| Untracked 
| 127|0x0000000087f00000, 0x0000000088000000, 0x0000000088000000|100%| O|  |TAMS 0x0000000088000000, 0x0000000087f00000| Untracked 
| 128|0x0000000088000000, 0x0000000088100000, 0x0000000088100000|100%| O|  |TAMS 0x0000000088100000, 0x0000000088000000| Untracked 
| 129|0x0000000088100000, 0x0000000088200000, 0x0000000088200000|100%| O|  |TAMS 0x0000000088200000, 0x0000000088100000| Untracked 
| 130|0x0000000088200000, 0x0000000088300000, 0x0000000088300000|100%| O|  |TAMS 0x000000008826dc00, 0x0000000088200000| Untracked 
| 131|0x0000000088300000, 0x0000000088300000, 0x0000000088400000|  0%| F|  |TAMS 0x0000000088300000, 0x0000000088300000| Untracked 
| 132|0x0000000088400000, 0x0000000088400000, 0x0000000088500000|  0%| F|  |TAMS 0x0000000088400000, 0x0000000088400000| Untracked 
| 133|0x0000000088500000, 0x0000000088500000, 0x0000000088600000|  0%| F|  |TAMS 0x0000000088500000, 0x0000000088500000| Untracked 
| 134|0x0000000088600000, 0x0000000088600000, 0x0000000088700000|  0%| F|  |TAMS 0x0000000088600000, 0x0000000088600000| Untracked 
| 135|0x0000000088700000, 0x0000000088700000, 0x0000000088800000|  0%| F|  |TAMS 0x0000000088700000, 0x0000000088700000| Untracked 
| 136|0x0000000088800000, 0x0000000088800000, 0x0000000088900000|  0%| F|  |TAMS 0x0000000088800000, 0x0000000088800000| Untracked 
| 137|0x0000000088900000, 0x0000000088900000, 0x0000000088a00000|  0%| F|  |TAMS 0x0000000088900000, 0x0000000088900000| Untracked 
| 138|0x0000000088a00000, 0x0000000088a00000, 0x0000000088b00000|  0%| F|  |TAMS 0x0000000088a00000, 0x0000000088a00000| Untracked 
| 139|0x0000000088b00000, 0x0000000088b00000, 0x0000000088c00000|  0%| F|  |TAMS 0x0000000088b00000, 0x0000000088b00000| Untracked 
| 140|0x0000000088c00000, 0x0000000088c00000, 0x0000000088d00000|  0%| F|  |TAMS 0x0000000088c00000, 0x0000000088c00000| Untracked 
| 141|0x0000000088d00000, 0x0000000088d00000, 0x0000000088e00000|  0%| F|  |TAMS 0x0000000088d00000, 0x0000000088d00000| Untracked 
| 142|0x0000000088e00000, 0x0000000088e00000, 0x0000000088f00000|  0%| F|  |TAMS 0x0000000088e00000, 0x0000000088e00000| Untracked 
| 143|0x0000000088f00000, 0x0000000088f00000, 0x0000000089000000|  0%| F|  |TAMS 0x0000000088f00000, 0x0000000088f00000| Untracked 
| 144|0x0000000089000000, 0x0000000089000000, 0x0000000089100000|  0%| F|  |TAMS 0x0000000089000000, 0x0000000089000000| Untracked 
| 145|0x0000000089100000, 0x0000000089100000, 0x0000000089200000|  0%| F|  |TAMS 0x0000000089100000, 0x0000000089100000| Untracked 
| 146|0x0000000089200000, 0x0000000089200000, 0x0000000089300000|  0%| F|  |TAMS 0x0000000089200000, 0x0000000089200000| Untracked 
| 147|0x0000000089300000, 0x0000000089300000, 0x0000000089400000|  0%| F|  |TAMS 0x0000000089300000, 0x0000000089300000| Untracked 
| 148|0x0000000089400000, 0x0000000089400000, 0x0000000089500000|  0%| F|  |TAMS 0x0000000089400000, 0x0000000089400000| Untracked 
| 149|0x0000000089500000, 0x0000000089500000, 0x0000000089600000|  0%| F|  |TAMS 0x0000000089500000, 0x0000000089500000| Untracked 
| 150|0x0000000089600000, 0x0000000089600000, 0x0000000089700000|  0%| F|  |TAMS 0x0000000089600000, 0x0000000089600000| Untracked 
| 151|0x0000000089700000, 0x0000000089700000, 0x0000000089800000|  0%| F|  |TAMS 0x0000000089700000, 0x0000000089700000| Untracked 
| 152|0x0000000089800000, 0x0000000089800000, 0x0000000089900000|  0%| F|  |TAMS 0x0000000089800000, 0x0000000089800000| Untracked 
| 153|0x0000000089900000, 0x0000000089900000, 0x0000000089a00000|  0%| F|  |TAMS 0x0000000089900000, 0x0000000089900000| Untracked 
| 154|0x0000000089a00000, 0x0000000089a00000, 0x0000000089b00000|  0%| F|  |TAMS 0x0000000089a00000, 0x0000000089a00000| Untracked 
| 155|0x0000000089b00000, 0x0000000089b00000, 0x0000000089c00000|  0%| F|  |TAMS 0x0000000089b00000, 0x0000000089b00000| Untracked 
| 156|0x0000000089c00000, 0x0000000089c00000, 0x0000000089d00000|  0%| F|  |TAMS 0x0000000089c00000, 0x0000000089c00000| Untracked 
| 157|0x0000000089d00000, 0x0000000089d00000, 0x0000000089e00000|  0%| F|  |TAMS 0x0000000089d00000, 0x0000000089d00000| Untracked 
| 158|0x0000000089e00000, 0x0000000089e00000, 0x0000000089f00000|  0%| F|  |TAMS 0x0000000089e00000, 0x0000000089e00000| Untracked 
| 159|0x0000000089f00000, 0x0000000089f00000, 0x000000008a000000|  0%| F|  |TAMS 0x0000000089f00000, 0x0000000089f00000| Untracked 
| 160|0x000000008a000000, 0x000000008a000000, 0x000000008a100000|  0%| F|  |TAMS 0x000000008a000000, 0x000000008a000000| Untracked 
| 161|0x000000008a100000, 0x000000008a100000, 0x000000008a200000|  0%| F|  |TAMS 0x000000008a100000, 0x000000008a100000| Untracked 
| 162|0x000000008a200000, 0x000000008a200000, 0x000000008a300000|  0%| F|  |TAMS 0x000000008a200000, 0x000000008a200000| Untracked 
| 163|0x000000008a300000, 0x000000008a300000, 0x000000008a400000|  0%| F|  |TAMS 0x000000008a300000, 0x000000008a300000| Untracked 
| 164|0x000000008a400000, 0x000000008a400000, 0x000000008a500000|  0%| F|  |TAMS 0x000000008a400000, 0x000000008a400000| Untracked 
| 165|0x000000008a500000, 0x000000008a500000, 0x000000008a600000|  0%| F|  |TAMS 0x000000008a500000, 0x000000008a500000| Untracked 
| 166|0x000000008a600000, 0x000000008a600000, 0x000000008a700000|  0%| F|  |TAMS 0x000000008a600000, 0x000000008a600000| Untracked 
| 167|0x000000008a700000, 0x000000008a700000, 0x000000008a800000|  0%| F|  |TAMS 0x000000008a700000, 0x000000008a700000| Untracked 
| 168|0x000000008a800000, 0x000000008a800000, 0x000000008a900000|  0%| F|  |TAMS 0x000000008a800000, 0x000000008a800000| Untracked 
| 169|0x000000008a900000, 0x000000008a900000, 0x000000008aa00000|  0%| F|  |TAMS 0x000000008a900000, 0x000000008a900000| Untracked 
| 170|0x000000008aa00000, 0x000000008aa00000, 0x000000008ab00000|  0%| F|  |TAMS 0x000000008aa00000, 0x000000008aa00000| Untracked 
| 171|0x000000008ab00000, 0x000000008ab00000, 0x000000008ac00000|  0%| F|  |TAMS 0x000000008ab00000, 0x000000008ab00000| Untracked 
| 172|0x000000008ac00000, 0x000000008ac00000, 0x000000008ad00000|  0%| F|  |TAMS 0x000000008ac00000, 0x000000008ac00000| Untracked 
| 173|0x000000008ad00000, 0x000000008ad00000, 0x000000008ae00000|  0%| F|  |TAMS 0x000000008ad00000, 0x000000008ad00000| Untracked 
| 174|0x000000008ae00000, 0x000000008ae00000, 0x000000008af00000|  0%| F|  |TAMS 0x000000008ae00000, 0x000000008ae00000| Untracked 
| 175|0x000000008af00000, 0x000000008af00000, 0x000000008b000000|  0%| F|  |TAMS 0x000000008af00000, 0x000000008af00000| Untracked 
| 176|0x000000008b000000, 0x000000008b000000, 0x000000008b100000|  0%| F|  |TAMS 0x000000008b000000, 0x000000008b000000| Untracked 
| 177|0x000000008b100000, 0x000000008b100000, 0x000000008b200000|  0%| F|  |TAMS 0x000000008b100000, 0x000000008b100000| Untracked 
| 178|0x000000008b200000, 0x000000008b200000, 0x000000008b300000|  0%| F|  |TAMS 0x000000008b200000, 0x000000008b200000| Untracked 
| 179|0x000000008b300000, 0x000000008b300000, 0x000000008b400000|  0%| F|  |TAMS 0x000000008b300000, 0x000000008b300000| Untracked 
| 180|0x000000008b400000, 0x000000008b400000, 0x000000008b500000|  0%| F|  |TAMS 0x000000008b400000, 0x000000008b400000| Untracked 
| 181|0x000000008b500000, 0x000000008b500000, 0x000000008b600000|  0%| F|  |TAMS 0x000000008b500000, 0x000000008b500000| Untracked 
| 182|0x000000008b600000, 0x000000008b600000, 0x000000008b700000|  0%| F|  |TAMS 0x000000008b600000, 0x000000008b600000| Untracked 
| 183|0x000000008b700000, 0x000000008b700000, 0x000000008b800000|  0%| F|  |TAMS 0x000000008b700000, 0x000000008b700000| Untracked 
| 184|0x000000008b800000, 0x000000008b800000, 0x000000008b900000|  0%| F|  |TAMS 0x000000008b800000, 0x000000008b800000| Untracked 
| 185|0x000000008b900000, 0x000000008b900000, 0x000000008ba00000|  0%| F|  |TAMS 0x000000008b900000, 0x000000008b900000| Untracked 
| 186|0x000000008ba00000, 0x000000008ba00000, 0x000000008bb00000|  0%| F|  |TAMS 0x000000008ba00000, 0x000000008ba00000| Untracked 
| 187|0x000000008bb00000, 0x000000008bb00000, 0x000000008bc00000|  0%| F|  |TAMS 0x000000008bb00000, 0x000000008bb00000| Untracked 
| 188|0x000000008bc00000, 0x000000008bc00000, 0x000000008bd00000|  0%| F|  |TAMS 0x000000008bc00000, 0x000000008bc00000| Untracked 
| 189|0x000000008bd00000, 0x000000008bd00000, 0x000000008be00000|  0%| F|  |TAMS 0x000000008bd00000, 0x000000008bd00000| Untracked 
| 190|0x000000008be00000, 0x000000008be00000, 0x000000008bf00000|  0%| F|  |TAMS 0x000000008be00000, 0x000000008be00000| Untracked 
| 191|0x000000008bf00000, 0x000000008bf00000, 0x000000008c000000|  0%| F|  |TAMS 0x000000008bf00000, 0x000000008bf00000| Untracked 
| 192|0x000000008c000000, 0x000000008c000000, 0x000000008c100000|  0%| F|  |TAMS 0x000000008c000000, 0x000000008c000000| Untracked 
| 193|0x000000008c100000, 0x000000008c100000, 0x000000008c200000|  0%| F|  |TAMS 0x000000008c100000, 0x000000008c100000| Untracked 
| 194|0x000000008c200000, 0x000000008c200000, 0x000000008c300000|  0%| F|  |TAMS 0x000000008c200000, 0x000000008c200000| Untracked 
| 195|0x000000008c300000, 0x000000008c300000, 0x000000008c400000|  0%| F|  |TAMS 0x000000008c300000, 0x000000008c300000| Untracked 
| 196|0x000000008c400000, 0x000000008c400000, 0x000000008c500000|  0%| F|  |TAMS 0x000000008c400000, 0x000000008c400000| Untracked 
| 197|0x000000008c500000, 0x000000008c500000, 0x000000008c600000|  0%| F|  |TAMS 0x000000008c500000, 0x000000008c500000| Untracked 
| 198|0x000000008c600000, 0x000000008c600000, 0x000000008c700000|  0%| F|  |TAMS 0x000000008c600000, 0x000000008c600000| Untracked 
| 199|0x000000008c700000, 0x000000008c700000, 0x000000008c800000|  0%| F|  |TAMS 0x000000008c700000, 0x000000008c700000| Untracked 
| 200|0x000000008c800000, 0x000000008c800000, 0x000000008c900000|  0%| F|  |TAMS 0x000000008c800000, 0x000000008c800000| Untracked 
| 201|0x000000008c900000, 0x000000008c973078, 0x000000008ca00000| 44%| E|  |TAMS 0x000000008c900000, 0x000000008c900000| Complete 
| 202|0x000000008ca00000, 0x000000008cb00000, 0x000000008cb00000|100%| E|CS|TAMS 0x000000008ca00000, 0x000000008ca00000| Complete 
| 203|0x000000008cb00000, 0x000000008cc00000, 0x000000008cc00000|100%| E|CS|TAMS 0x000000008cb00000, 0x000000008cb00000| Complete 
| 204|0x000000008cc00000, 0x000000008cd00000, 0x000000008cd00000|100%| E|CS|TAMS 0x000000008cc00000, 0x000000008cc00000| Complete 
| 205|0x000000008cd00000, 0x000000008ce00000, 0x000000008ce00000|100%| E|CS|TAMS 0x000000008cd00000, 0x000000008cd00000| Complete 
| 206|0x000000008ce00000, 0x000000008cf00000, 0x000000008cf00000|100%| E|CS|TAMS 0x000000008ce00000, 0x000000008ce00000| Complete 
| 207|0x000000008cf00000, 0x000000008d000000, 0x000000008d000000|100%| E|CS|TAMS 0x000000008cf00000, 0x000000008cf00000| Complete 
| 208|0x000000008d000000, 0x000000008d100000, 0x000000008d100000|100%| E|CS|TAMS 0x000000008d000000, 0x000000008d000000| Complete 
| 209|0x000000008d100000, 0x000000008d200000, 0x000000008d200000|100%| E|CS|TAMS 0x000000008d100000, 0x000000008d100000| Complete 
| 210|0x000000008d200000, 0x000000008d300000, 0x000000008d300000|100%| E|CS|TAMS 0x000000008d200000, 0x000000008d200000| Complete 
| 211|0x000000008d300000, 0x000000008d400000, 0x000000008d400000|100%| E|CS|TAMS 0x000000008d300000, 0x000000008d300000| Complete 
| 212|0x000000008d400000, 0x000000008d500000, 0x000000008d500000|100%| E|CS|TAMS 0x000000008d400000, 0x000000008d400000| Complete 
| 213|0x000000008d500000, 0x000000008d600000, 0x000000008d600000|100%| E|CS|TAMS 0x000000008d500000, 0x000000008d500000| Complete 
| 214|0x000000008d600000, 0x000000008d700000, 0x000000008d700000|100%| E|CS|TAMS 0x000000008d600000, 0x000000008d600000| Complete 
| 215|0x000000008d700000, 0x000000008d800000, 0x000000008d800000|100%| E|CS|TAMS 0x000000008d700000, 0x000000008d700000| Complete 
| 216|0x000000008d800000, 0x000000008d900000, 0x000000008d900000|100%| E|CS|TAMS 0x000000008d800000, 0x000000008d800000| Complete 
| 217|0x000000008d900000, 0x000000008da00000, 0x000000008da00000|100%| E|CS|TAMS 0x000000008d900000, 0x000000008d900000| Complete 
| 218|0x000000008da00000, 0x000000008db00000, 0x000000008db00000|100%| E|  |TAMS 0x000000008da00000, 0x000000008da00000| Complete 
| 219|0x000000008db00000, 0x000000008dc00000, 0x000000008dc00000|100%| E|CS|TAMS 0x000000008db00000, 0x000000008db00000| Complete 
| 220|0x000000008dc00000, 0x000000008dd00000, 0x000000008dd00000|100%| E|CS|TAMS 0x000000008dc00000, 0x000000008dc00000| Complete 
| 221|0x000000008dd00000, 0x000000008de00000, 0x000000008de00000|100%| E|CS|TAMS 0x000000008dd00000, 0x000000008dd00000| Complete 
| 222|0x000000008de00000, 0x000000008df00000, 0x000000008df00000|100%| E|CS|TAMS 0x000000008de00000, 0x000000008de00000| Complete 
| 223|0x000000008df00000, 0x000000008e000000, 0x000000008e000000|100%| E|CS|TAMS 0x000000008df00000, 0x000000008df00000| Complete 
| 224|0x000000008e000000, 0x000000008e100000, 0x000000008e100000|100%| E|CS|TAMS 0x000000008e000000, 0x000000008e000000| Complete 
| 225|0x000000008e100000, 0x000000008e200000, 0x000000008e200000|100%| E|CS|TAMS 0x000000008e100000, 0x000000008e100000| Complete 
| 226|0x000000008e200000, 0x000000008e300000, 0x000000008e300000|100%| E|CS|TAMS 0x000000008e200000, 0x000000008e200000| Complete 
| 227|0x000000008e300000, 0x000000008e400000, 0x000000008e400000|100%| E|CS|TAMS 0x000000008e300000, 0x000000008e300000| Complete 
| 228|0x000000008e400000, 0x000000008e500000, 0x000000008e500000|100%| E|CS|TAMS 0x000000008e400000, 0x000000008e400000| Complete 
| 229|0x000000008e500000, 0x000000008e600000, 0x000000008e600000|100%| E|CS|TAMS 0x000000008e500000, 0x000000008e500000| Complete 
| 230|0x000000008e600000, 0x000000008e700000, 0x000000008e700000|100%| E|CS|TAMS 0x000000008e600000, 0x000000008e600000| Complete 
| 231|0x000000008e700000, 0x000000008e800000, 0x000000008e800000|100%| E|CS|TAMS 0x000000008e700000, 0x000000008e700000| Complete 
| 232|0x000000008e800000, 0x000000008e900000, 0x000000008e900000|100%| E|CS|TAMS 0x000000008e800000, 0x000000008e800000| Complete 
| 233|0x000000008e900000, 0x000000008ea00000, 0x000000008ea00000|100%| E|CS|TAMS 0x000000008e900000, 0x000000008e900000| Complete 
| 234|0x000000008ea00000, 0x000000008eb00000, 0x000000008eb00000|100%| E|CS|TAMS 0x000000008ea00000, 0x000000008ea00000| Complete 
| 235|0x000000008eb00000, 0x000000008ec00000, 0x000000008ec00000|100%| E|CS|TAMS 0x000000008eb00000, 0x000000008eb00000| Complete 
| 236|0x000000008ec00000, 0x000000008ed00000, 0x000000008ed00000|100%| E|CS|TAMS 0x000000008ec00000, 0x000000008ec00000| Complete 
| 237|0x000000008ed00000, 0x000000008ee00000, 0x000000008ee00000|100%| E|CS|TAMS 0x000000008ed00000, 0x000000008ed00000| Complete 
| 238|0x000000008ee00000, 0x000000008ef00000, 0x000000008ef00000|100%| E|CS|TAMS 0x000000008ee00000, 0x000000008ee00000| Complete 
| 239|0x000000008ef00000, 0x000000008f000000, 0x000000008f000000|100%| E|CS|TAMS 0x000000008ef00000, 0x000000008ef00000| Complete 
| 240|0x000000008f000000, 0x000000008f100000, 0x000000008f100000|100%| E|CS|TAMS 0x000000008f000000, 0x000000008f000000| Complete 
| 241|0x000000008f100000, 0x000000008f200000, 0x000000008f200000|100%| E|CS|TAMS 0x000000008f100000, 0x000000008f100000| Complete 
| 242|0x000000008f200000, 0x000000008f300000, 0x000000008f300000|100%| E|CS|TAMS 0x000000008f200000, 0x000000008f200000| Complete 
| 243|0x000000008f300000, 0x000000008f400000, 0x000000008f400000|100%| E|CS|TAMS 0x000000008f300000, 0x000000008f300000| Complete 
| 244|0x000000008f400000, 0x000000008f500000, 0x000000008f500000|100%| E|CS|TAMS 0x000000008f400000, 0x000000008f400000| Complete 
| 245|0x000000008f500000, 0x000000008f600000, 0x000000008f600000|100%| E|CS|TAMS 0x000000008f500000, 0x000000008f500000| Complete 
| 246|0x000000008f600000, 0x000000008f700000, 0x000000008f700000|100%| E|CS|TAMS 0x000000008f600000, 0x000000008f600000| Complete 
| 247|0x000000008f700000, 0x000000008f7629a0, 0x000000008f800000| 38%| S|CS|TAMS 0x000000008f700000, 0x000000008f700000| Complete 
| 248|0x000000008f800000, 0x000000008f900000, 0x000000008f900000|100%| S|CS|TAMS 0x000000008f800000, 0x000000008f800000| Complete 
| 249|0x000000008f900000, 0x000000008fa00000, 0x000000008fa00000|100%| E|CS|TAMS 0x000000008f900000, 0x000000008f900000| Complete 
| 250|0x000000008fa00000, 0x000000008fb00000, 0x000000008fb00000|100%| E|CS|TAMS 0x000000008fa00000, 0x000000008fa00000| Complete 
| 251|0x000000008fb00000, 0x000000008fc00000, 0x000000008fc00000|100%| E|CS|TAMS 0x000000008fb00000, 0x000000008fb00000| Complete 

Card table byte_map: [0x00000167fed70000,0x00000167ff170000] _byte_map_base: 0x00000167fe970000

Marking Bits (Prev, Next): (CMBitMap*) 0x00000167f8c3e610, (CMBitMap*) 0x00000167f8c3e5d8
 Prev Bits: [0x0000016791000000, 0x0000016793000000)
 Next Bits: [0x000001678f000000, 0x0000016791000000)

Polling page: 0x00000167f8cd0000

Metaspace:

Usage:
  Non-class:     87.48 MB capacity,    85.87 MB ( 98%) used,     1.32 MB (  2%) free+waste,   294.50 KB ( <1%) overhead. 
      Class:     12.74 MB capacity,    11.79 MB ( 93%) used,   849.66 KB (  7%) free+waste,   126.31 KB ( <1%) overhead. 
       Both:    100.22 MB capacity,    97.66 MB ( 97%) used,     2.15 MB (  2%) free+waste,   420.81 KB ( <1%) overhead. 

Virtual space:
  Non-class space:       88.00 MB reserved,      87.70 MB (>99%) committed 
      Class space:        1.00 GB reserved,      13.00 MB (  1%) committed 
             Both:        1.09 GB reserved,     100.70 MB (  9%) committed 

Chunk freelists:
   Non-Class:  224.00 KB
       Class:  170.00 KB
        Both:  394.00 KB

MaxMetaspaceSize: 17179869184.00 GB
CompressedClassSpaceSize: 1.00 GB
Initial GC threshold: 20.80 MB
Current GC threshold: 167.42 MB
CDS: off

CodeHeap 'non-profiled nmethods': size=120000Kb used=11262Kb max_used=11262Kb free=108737Kb
 bounds [0x0000016787ad0000, 0x00000167885d0000, 0x000001678f000000]
CodeHeap 'profiled nmethods': size=120000Kb used=36121Kb max_used=36121Kb free=83878Kb
 bounds [0x00000167805a0000, 0x00000167828f0000, 0x0000016787ad0000]
CodeHeap 'non-nmethods': size=5760Kb used=2388Kb max_used=2491Kb free=3372Kb
 bounds [0x0000016780000000, 0x0000016780280000, 0x00000167805a0000]
 total_blobs=17405 nmethods=16504 adapters=812
 compilation: enabled
              stopped_count=0, restarted_count=0
 full_count=0

Compilation events (20 events):
Event: 2700.086 Thread 0x0000016795aad000 16721       3       org.gradle.api.internal.plugins.DefaultPluginRegistry::maybeInspect (54 bytes)
Event: 2700.087 Thread 0x0000016795aad000 nmethod 16721 0x00000167828b6210 code [0x00000167828b6440, 0x00000167828b6b68]
Event: 2700.087 Thread 0x0000016795aad000 16722   !   3       jdk.internal.reflect.GeneratedConstructorAccessor9::newInstance (61 bytes)
Event: 2700.088 Thread 0x0000016795aad000 nmethod 16722 0x00000167828b6e10 code [0x00000167828b70a0, 0x00000167828b7d28]
Event: 2700.088 Thread 0x0000016795aad000 16723   !   3       jdk.internal.reflect.GeneratedConstructorAccessor10::newInstance (61 bytes)
Event: 2700.089 Thread 0x0000016795aad000 nmethod 16723 0x00000167828b8290 code [0x00000167828b8560, 0x00000167828b95f8]
Event: 2700.089 Thread 0x0000016795aad000 16724   !   3       jdk.internal.reflect.GeneratedConstructorAccessor11::newInstance (61 bytes)
Event: 2700.090 Thread 0x0000016795aad000 nmethod 16724 0x00000167828b9c90 code [0x00000167828b9f60, 0x00000167828baff8]
Event: 2700.090 Thread 0x0000016795aad000 16725       1       org.gradle.api.internal.plugins.DefaultPluginManager::access$000 (5 bytes)
Event: 2700.090 Thread 0x0000016795aad000 nmethod 16725 0x00000167885cd510 code [0x00000167885cd6c0, 0x00000167885cd758]
Event: 2700.094 Thread 0x0000016795aad000 16727       3       com.google.common.collect.ImmutableSet::chooseTableSize (62 bytes)
Event: 2700.095 Thread 0x0000016795aad000 nmethod 16727 0x00000167828bb690 code [0x00000167828bb8c0, 0x00000167828bbeb8]
Event: 2700.095 Thread 0x0000016795aad000 16728       3       com.google.common.cache.LocalCache::recordsAccess (5 bytes)
Event: 2700.095 Thread 0x0000016795aad000 nmethod 16728 0x00000167828bc110 code [0x00000167828bc2c0, 0x00000167828bc498]
Event: 2700.095 Thread 0x0000016795aad000 16729       3       com.google.common.cache.LocalCache::refreshes (15 bytes)
Event: 2700.095 Thread 0x0000016795aad000 nmethod 16729 0x00000167828bc590 code [0x00000167828bc740, 0x00000167828bc8b8]
Event: 2700.095 Thread 0x0000016795aad000 16730       3       org.gradle.internal.Describables::withTypeAndName (10 bytes)
Event: 2700.095 Thread 0x0000016795aad000 nmethod 16730 0x00000167828bc990 code [0x00000167828bcb60, 0x00000167828bced8]
Event: 2700.095 Thread 0x0000016795aad000 16731       3       org.gradle.internal.Describables$2::<init> (16 bytes)
Event: 2700.095 Thread 0x0000016795aad000 nmethod 16731 0x00000167828bd010 code [0x00000167828bd1e0, 0x00000167828bd4b8]

GC Heap History (20 events):
Event: 10.885 GC heap before
{Heap before GC invocations=14 (full 0):
 garbage-first heap   total 258048K, used 184201K [0x0000000080000000, 0x0000000100000000)
  region size 1024K, 111 young (113664K), 10 survivors (10240K)
 Metaspace       used 86217K, capacity 88799K, committed 89040K, reserved 1126400K
  class space    used 11062K, capacity 11999K, committed 12032K, reserved 1048576K
}
Event: 10.895 GC heap after
{Heap after GC invocations=15 (full 0):
 garbage-first heap   total 258048K, used 89088K [0x0000000080000000, 0x0000000100000000)
  region size 1024K, 9 young (9216K), 9 survivors (9216K)
 Metaspace       used 86217K, capacity 88799K, committed 89040K, reserved 1126400K
  class space    used 11062K, capacity 11999K, committed 12032K, reserved 1048576K
}
Event: 1028.506 GC heap before
{Heap before GC invocations=15 (full 0):
 garbage-first heap   total 258048K, used 190464K [0x0000000080000000, 0x0000000100000000)
  region size 1024K, 109 young (111616K), 9 survivors (9216K)
 Metaspace       used 90777K, capacity 93461K, committed 93520K, reserved 1130496K
  class space    used 11404K, capacity 12377K, committed 12416K, reserved 1048576K
}
Event: 1028.599 GC heap after
{Heap after GC invocations=16 (full 0):
 garbage-first heap   total 258048K, used 94223K [0x0000000080000000, 0x0000000100000000)
  region size 1024K, 7 young (7168K), 7 survivors (7168K)
 Metaspace       used 90777K, capacity 93461K, committed 93520K, reserved 1130496K
  class space    used 11404K, capacity 12377K, committed 12416K, reserved 1048576K
}
Event: 2315.276 GC heap before
{Heap before GC invocations=16 (full 0):
 garbage-first heap   total 258048K, used 194575K [0x0000000080000000, 0x0000000100000000)
  region size 1024K, 106 young (108544K), 7 survivors (7168K)
 Metaspace       used 91754K, capacity 94472K, committed 94672K, reserved 1132544K
  class space    used 11434K, capacity 12425K, committed 12544K, reserved 1048576K
}
Event: 2315.305 GC heap after
{Heap after GC invocations=17 (full 0):
 garbage-first heap   total 258048K, used 94104K [0x0000000080000000, 0x0000000100000000)
  region size 1024K, 7 young (7168K), 7 survivors (7168K)
 Metaspace       used 91754K, capacity 94472K, committed 94672K, reserved 1132544K
  class space    used 11434K, capacity 12425K, committed 12544K, reserved 1048576K
}
Event: 2316.816 GC heap before
{Heap before GC invocations=17 (full 0):
 garbage-first heap   total 258048K, used 208792K [0x0000000080000000, 0x0000000100000000)
  region size 1024K, 110 young (112640K), 7 survivors (7168K)
 Metaspace       used 93913K, capacity 96747K, committed 96976K, reserved 1134592K
  class space    used 11648K, capacity 12674K, committed 12800K, reserved 1048576K
}
Event: 2316.870 GC heap after
{Heap after GC invocations=18 (full 0):
 garbage-first heap   total 258048K, used 121789K [0x0000000080000000, 0x0000000100000000)
  region size 1024K, 14 young (14336K), 14 survivors (14336K)
 Metaspace       used 93913K, capacity 96747K, committed 96976K, reserved 1134592K
  class space    used 11648K, capacity 12674K, committed 12800K, reserved 1048576K
}
Event: 2317.089 GC heap before
{Heap before GC invocations=18 (full 0):
 garbage-first heap   total 258048K, used 148413K [0x0000000080000000, 0x0000000100000000)
  region size 1024K, 34 young (34816K), 14 survivors (14336K)
 Metaspace       used 93980K, capacity 96763K, committed 96976K, reserved 1134592K
  class space    used 11652K, capacity 12677K, committed 12800K, reserved 1048576K
}
Event: 2317.133 GC heap after
{Heap after GC invocations=19 (full 0):
 garbage-first heap   total 258048K, used 132002K [0x0000000080000000, 0x0000000100000000)
  region size 1024K, 7 young (7168K), 7 survivors (7168K)
 Metaspace       used 93980K, capacity 96763K, committed 96976K, reserved 1134592K
  class space    used 11652K, capacity 12677K, committed 12800K, reserved 1048576K
}
Event: 2317.867 GC heap before
{Heap before GC invocations=20 (full 0):
 garbage-first heap   total 258048K, used 192418K [0x0000000080000000, 0x0000000100000000)
  region size 1024K, 57 young (58368K), 7 survivors (7168K)
 Metaspace       used 96560K, capacity 99170K, committed 100048K, reserved 1136640K
  class space    used 11809K, capacity 12744K, committed 13056K, reserved 1048576K
}
Event: 2317.876 GC heap after
{Heap after GC invocations=21 (full 0):
 garbage-first heap   total 258048K, used 128382K [0x0000000080000000, 0x0000000100000000)
  region size 1024K, 6 young (6144K), 6 survivors (6144K)
 Metaspace       used 96560K, capacity 99170K, committed 100048K, reserved 1136640K
  class space    used 11809K, capacity 12744K, committed 13056K, reserved 1048576K
}
Event: 2317.936 GC heap before
{Heap before GC invocations=21 (full 0):
 garbage-first heap   total 258048K, used 134526K [0x0000000080000000, 0x0000000100000000)
  region size 1024K, 12 young (12288K), 6 survivors (6144K)
 Metaspace       used 96600K, capacity 99234K, committed 100048K, reserved 1136640K
  class space    used 11811K, capacity 12744K, committed 13056K, reserved 1048576K
}
Event: 2317.951 GC heap after
{Heap after GC invocations=22 (full 0):
 garbage-first heap   total 258048K, used 121066K [0x0000000080000000, 0x0000000100000000)
  region size 1024K, 2 young (2048K), 2 survivors (2048K)
 Metaspace       used 96600K, capacity 99234K, committed 100048K, reserved 1136640K
  class space    used 11811K, capacity 12744K, committed 13056K, reserved 1048576K
}
Event: 2608.431 GC heap before
{Heap before GC invocations=22 (full 0):
 garbage-first heap   total 258048K, used 178410K [0x0000000080000000, 0x0000000100000000)
  region size 1024K, 59 young (60416K), 2 survivors (2048K)
 Metaspace       used 99400K, capacity 102034K, committed 102864K, reserved 1138688K
  class space    used 12028K, capacity 12972K, committed 13312K, reserved 1048576K
}
Event: 2608.444 GC heap after
{Heap after GC invocations=23 (full 0):
 garbage-first heap   total 258048K, used 123900K [0x0000000080000000, 0x0000000100000000)
  region size 1024K, 5 young (5120K), 5 survivors (5120K)
 Metaspace       used 99400K, capacity 102034K, committed 102864K, reserved 1138688K
  class space    used 12028K, capacity 12972K, committed 13312K, reserved 1048576K
}
Event: 2609.274 GC heap before
{Heap before GC invocations=24 (full 0):
 garbage-first heap   total 258048K, used 169980K [0x0000000080000000, 0x0000000100000000)
  region size 1024K, 65 young (66560K), 5 survivors (5120K)
 Metaspace       used 99823K, capacity 102540K, committed 103120K, reserved 1138688K
  class space    used 12067K, capacity 13041K, committed 13312K, reserved 1048576K
}
Event: 2609.290 GC heap after
{Heap after GC invocations=25 (full 0):
 garbage-first heap   total 258048K, used 116259K [0x0000000080000000, 0x0000000100000000)
  region size 1024K, 9 young (9216K), 9 survivors (9216K)
 Metaspace       used 99823K, capacity 102540K, committed 103120K, reserved 1138688K
  class space    used 12067K, capacity 13041K, committed 13312K, reserved 1048576K
}
Event: 2609.302 GC heap before
{Heap before GC invocations=25 (full 0):
 garbage-first heap   total 258048K, used 118307K [0x0000000080000000, 0x0000000100000000)
  region size 1024K, 12 young (12288K), 9 survivors (9216K)
 Metaspace       used 99826K, capacity 102541K, committed 103120K, reserved 1138688K
  class space    used 12067K, capacity 13041K, committed 13312K, reserved 1048576K
}
Event: 2609.321 GC heap after
{Heap after GC invocations=26 (full 0):
 garbage-first heap   total 258048K, used 108154K [0x0000000080000000, 0x0000000100000000)
  region size 1024K, 2 young (2048K), 2 survivors (2048K)
 Metaspace       used 99826K, capacity 102541K, committed 103120K, reserved 1138688K
  class space    used 12067K, capacity 13041K, committed 13312K, reserved 1048576K
}

Deoptimization events (20 events):
Event: 2691.715 Thread 0x0000016797bbb000 Uncommon trap: trap_request=0xffffffbe fr.pc=0x00000167885b32e0 relative=0x0000000000000680
Event: 2691.715 Thread 0x0000016797bbb000 Uncommon trap: reason=profile_predicate action=maybe_recompile pc=0x00000167885b32e0 method=java.util.concurrent.CopyOnWriteArrayList.indexOfRange(Ljava/lang/Object;[Ljava/lang/Object;II)I @ 38 c2
Event: 2691.715 Thread 0x0000016797bbb000 DEOPT PACKING pc=0x00000167885b32e0 sp=0x0000005e976fe200
Event: 2691.715 Thread 0x0000016797bbb000 DEOPT UNPACKING pc=0x00000167800085af sp=0x0000005e976fe1a0 mode 2
Event: 2691.717 Thread 0x0000016797bbb000 Uncommon trap: trap_request=0xffffffbe fr.pc=0x00000167885b32e0 relative=0x0000000000000680
Event: 2691.717 Thread 0x0000016797bbb000 Uncommon trap: reason=profile_predicate action=maybe_recompile pc=0x00000167885b32e0 method=java.util.concurrent.CopyOnWriteArrayList.indexOfRange(Ljava/lang/Object;[Ljava/lang/Object;II)I @ 38 c2
Event: 2691.717 Thread 0x0000016797bbb000 DEOPT PACKING pc=0x00000167885b32e0 sp=0x0000005e976fe100
Event: 2691.717 Thread 0x0000016797bbb000 DEOPT UNPACKING pc=0x00000167800085af sp=0x0000005e976fe0a0 mode 2
Event: 2691.718 Thread 0x0000016797bbb000 Uncommon trap: trap_request=0xffffffbe fr.pc=0x00000167885b32e0 relative=0x0000000000000680
Event: 2691.718 Thread 0x0000016797bbb000 Uncommon trap: reason=profile_predicate action=maybe_recompile pc=0x00000167885b32e0 method=java.util.concurrent.CopyOnWriteArrayList.indexOfRange(Ljava/lang/Object;[Ljava/lang/Object;II)I @ 38 c2
Event: 2691.718 Thread 0x0000016797bbb000 DEOPT PACKING pc=0x00000167885b32e0 sp=0x0000005e976fe220
Event: 2691.718 Thread 0x0000016797bbb000 DEOPT UNPACKING pc=0x00000167800085af sp=0x0000005e976fe1c0 mode 2
Event: 2691.718 Thread 0x0000016797bbb000 Uncommon trap: trap_request=0xffffffbe fr.pc=0x00000167885b32e0 relative=0x0000000000000680
Event: 2691.718 Thread 0x0000016797bbb000 Uncommon trap: reason=profile_predicate action=maybe_recompile pc=0x00000167885b32e0 method=java.util.concurrent.CopyOnWriteArrayList.indexOfRange(Ljava/lang/Object;[Ljava/lang/Object;II)I @ 38 c2
Event: 2691.718 Thread 0x0000016797bbb000 DEOPT PACKING pc=0x00000167885b32e0 sp=0x0000005e976fe120
Event: 2691.718 Thread 0x0000016797bbb000 DEOPT UNPACKING pc=0x00000167800085af sp=0x0000005e976fe0c0 mode 2
Event: 2699.772 Thread 0x0000016796199800 DEOPT PACKING pc=0x0000016780d6f651 sp=0x0000005e978f99e0
Event: 2699.772 Thread 0x0000016796199800 DEOPT UNPACKING pc=0x0000016780049d0e sp=0x0000005e978f8f18 mode 0
Event: 2699.978 Thread 0x0000016796269800 DEOPT PACKING pc=0x00000167826eac3b sp=0x0000005e9b2fed50
Event: 2699.978 Thread 0x0000016796269800 DEOPT UNPACKING pc=0x0000016780049d0e sp=0x0000005e9b2fe1f8 mode 0

Classes redefined (0 events):
No events

Internal exceptions (20 events):
Event: 2317.498 Thread 0x00000167a126d800 Exception <a 'java/lang/NoSuchMethodError'{0x000000008ed7a778}: <clinit>> (0x000000008ed7a778) thrown at [./src/hotspot/share/prims/jni.cpp, line 1366]
Event: 2317.522 Thread 0x0000016796274000 Implicit null exception at 0x00000167881d2818 to 0x00000167881d3cf4
Event: 2318.373 Thread 0x000001679626d800 Exception <a 'sun/nio/fs/WindowsException'{0x000000008d20a3a0}> (0x000000008d20a3a0) thrown at [./src/hotspot/share/prims/jni.cpp, line 616]
Event: 2318.375 Thread 0x00000167a1270800 Exception <a 'sun/nio/fs/WindowsException'{0x000000008de919b8}> (0x000000008de919b8) thrown at [./src/hotspot/share/prims/jni.cpp, line 616]
Event: 2318.375 Thread 0x00000167a1270800 Exception <a 'sun/nio/fs/WindowsException'{0x000000008de91b28}> (0x000000008de91b28) thrown at [./src/hotspot/share/prims/jni.cpp, line 616]
Event: 2318.375 Thread 0x00000167a1270800 Exception <a 'sun/nio/fs/WindowsException'{0x000000008de93490}> (0x000000008de93490) thrown at [./src/hotspot/share/prims/jni.cpp, line 616]
Event: 2608.616 Thread 0x00000167a126f000 Exception <a 'sun/nio/fs/WindowsException'{0x000000008ee6fde8}> (0x000000008ee6fde8) thrown at [./src/hotspot/share/prims/jni.cpp, line 616]
Event: 2608.663 Thread 0x00000167a126f000 Exception <a 'java/lang/NoClassDefFoundError'{0x000000008ea38748}: org/jetbrains/kotlin/gradle/plugin/KotlinBasePluginWrapper> (0x000000008ea38748) thrown at [./src/hotspot/share/oops/constantPool.cpp, line 775]
Event: 2608.747 Thread 0x00000167a126f000 Exception <a 'java/lang/NoClassDefFoundError'{0x000000008e676438}: org/jetbrains/kotlin/gradle/plugin/KotlinBasePluginWrapper> (0x000000008e676438) thrown at [./src/hotspot/share/oops/constantPool.cpp, line 775]
Event: 2608.768 Thread 0x00000167a126f000 Exception <a 'sun/nio/fs/WindowsException'{0x000000008e4073a8}> (0x000000008e4073a8) thrown at [./src/hotspot/share/prims/jni.cpp, line 616]
Event: 2608.778 Thread 0x00000167a126f000 Exception <a 'sun/nio/fs/WindowsException'{0x000000008e4a8e20}> (0x000000008e4a8e20) thrown at [./src/hotspot/share/prims/jni.cpp, line 616]
Event: 2608.778 Thread 0x00000167a126f000 Exception <a 'sun/nio/fs/WindowsException'{0x000000008e4aa1a8}> (0x000000008e4aa1a8) thrown at [./src/hotspot/share/prims/jni.cpp, line 616]
Event: 2608.778 Thread 0x00000167a126f000 Exception <a 'sun/nio/fs/WindowsException'{0x000000008e4ab580}> (0x000000008e4ab580) thrown at [./src/hotspot/share/prims/jni.cpp, line 616]
Event: 2608.778 Thread 0x00000167a126f000 Exception <a 'sun/nio/fs/WindowsException'{0x000000008e4ac958}> (0x000000008e4ac958) thrown at [./src/hotspot/share/prims/jni.cpp, line 616]
Event: 2608.846 Thread 0x00000167a126f000 Exception <a 'sun/nio/fs/WindowsException'{0x000000008df13960}> (0x000000008df13960) thrown at [./src/hotspot/share/prims/jni.cpp, line 616]
Event: 2609.513 Thread 0x000001679b637800 Exception <a 'sun/nio/fs/WindowsException'{0x000000008eb66448}> (0x000000008eb66448) thrown at [./src/hotspot/share/prims/jni.cpp, line 616]
Event: 2609.515 Thread 0x00000167a126f000 Exception <a 'sun/nio/fs/WindowsException'{0x000000008fa7be80}> (0x000000008fa7be80) thrown at [./src/hotspot/share/prims/jni.cpp, line 616]
Event: 2609.515 Thread 0x00000167a126f000 Exception <a 'sun/nio/fs/WindowsException'{0x000000008fa7bf00}> (0x000000008fa7bf00) thrown at [./src/hotspot/share/prims/jni.cpp, line 616]
Event: 2609.515 Thread 0x00000167a126f000 Exception <a 'sun/nio/fs/WindowsException'{0x000000008fa7d868}> (0x000000008fa7d868) thrown at [./src/hotspot/share/prims/jni.cpp, line 616]
Event: 2700.091 Thread 0x0000016796199800 Exception <a 'sun/nio/fs/WindowsException'{0x000000008cf30970}> (0x000000008cf30970) thrown at [./src/hotspot/share/prims/jni.cpp, line 616]

Events (20 events):
Event: 2700.004 Thread 0x000001679c4c5000 Thread added: 0x000001679c4c5000
Event: 2700.004 Thread 0x000001679c4ca800 Thread added: 0x000001679c4ca800
Event: 2700.004 Thread 0x000001679c4c6800 Thread added: 0x000001679c4c6800
Event: 2700.004 Thread 0x000001679c4c5800 Thread added: 0x000001679c4c5800
Event: 2700.004 Thread 0x000001679c4cb800 Thread added: 0x000001679c4cb800
Event: 2700.004 Thread 0x000001679c4cc000 Thread added: 0x000001679c4cc000
Event: 2700.004 Thread 0x000001679c4cd000 Thread added: 0x000001679c4cd000
Event: 2700.004 Thread 0x000001679c4c7800 Thread added: 0x000001679c4c7800
Event: 2700.004 Thread 0x000001679c4ce800 Thread added: 0x000001679c4ce800
Event: 2700.005 Thread 0x000001679c4cf800 Thread added: 0x000001679c4cf800
Event: 2700.005 Thread 0x0000016798e07000 Thread added: 0x0000016798e07000
Event: 2700.005 Thread 0x0000016798e08000 Thread added: 0x0000016798e08000
Event: 2700.005 Thread 0x0000016798e02800 Thread added: 0x0000016798e02800
Event: 2700.005 Thread 0x0000016798e09000 Thread added: 0x0000016798e09000
Event: 2700.005 Thread 0x0000016798e0b800 Thread added: 0x0000016798e0b800
Event: 2700.005 Thread 0x0000016798e09800 Thread added: 0x0000016798e09800
Event: 2700.005 Thread 0x0000016798e05800 Thread added: 0x0000016798e05800
Event: 2700.005 Thread 0x0000016798e0a800 Thread added: 0x0000016798e0a800
Event: 2700.005 Thread 0x0000016798e0c000 Thread added: 0x0000016798e0c000
Event: 2700.006 Thread 0x0000016798e0d000 Thread added: 0x0000016798e0d000


Dynamic libraries:
0x00007ff6f2700000 - 0x00007ff6f270a000 	C:\Program Files\Android\Android Studio\jre\bin\java.exe
0x00007fff46cf0000 - 0x00007fff46f04000 	C:\WINDOWS\SYSTEM32\ntdll.dll
0x00007fff46b30000 - 0x00007fff46bf3000 	C:\WINDOWS\System32\KERNEL32.DLL
0x00007fff44480000 - 0x00007fff4481d000 	C:\WINDOWS\System32\KERNELBASE.dll
0x00007fff44110000 - 0x00007fff44221000 	C:\WINDOWS\System32\ucrtbase.dll
0x00007fff250a0000 - 0x00007fff250b7000 	C:\Program Files\Android\Android Studio\jre\bin\VCRUNTIME140.dll
0x00007fff24fd0000 - 0x00007fff24fe9000 	C:\Program Files\Android\Android Studio\jre\bin\jli.dll
0x00007fff46860000 - 0x00007fff46a0d000 	C:\WINDOWS\System32\USER32.dll
0x00007fff44820000 - 0x00007fff44846000 	C:\WINDOWS\System32\win32u.dll
0x00007fff216d0000 - 0x00007fff2195e000 	C:\WINDOWS\WinSxS\amd64_microsoft.windows.common-controls_6595b64144ccf1df_6.0.22621.608_none_a9444ca7c10bb01d\COMCTL32.dll
0x00007fff45ec0000 - 0x00007fff45ee9000 	C:\WINDOWS\System32\GDI32.dll
0x00007fff46c00000 - 0x00007fff46ca7000 	C:\WINDOWS\System32\msvcrt.dll
0x00007fff449c0000 - 0x00007fff44ad2000 	C:\WINDOWS\System32\gdi32full.dll
0x00007fff44360000 - 0x00007fff443fa000 	C:\WINDOWS\System32\msvcp_win.dll
0x00007fff44b10000 - 0x00007fff44b42000 	C:\WINDOWS\System32\IMM32.DLL
0x00007fff012a0000 - 0x00007fff0133d000 	C:\Program Files\Android\Android Studio\jre\bin\msvcp140.dll
0x00007fff032f0000 - 0x00007fff03df2000 	C:\Program Files\Android\Android Studio\jre\bin\server\jvm.dll
0x00007fff45e10000 - 0x00007fff45ebe000 	C:\WINDOWS\System32\ADVAPI32.dll
0x00007fff45510000 - 0x00007fff455b4000 	C:\WINDOWS\System32\sechost.dll
0x00007fff46080000 - 0x00007fff46195000 	C:\WINDOWS\System32\RPCRT4.dll
0x00007fff46400000 - 0x00007fff46408000 	C:\WINDOWS\System32\PSAPI.DLL
0x00007fff269f0000 - 0x00007fff269f9000 	C:\WINDOWS\SYSTEM32\WSOCK32.dll
0x00007fff35d10000 - 0x00007fff35d44000 	C:\WINDOWS\SYSTEM32\WINMM.dll
0x00007fff38be0000 - 0x00007fff38bea000 	C:\WINDOWS\SYSTEM32\VERSION.dll
0x00007fff46000000 - 0x00007fff46071000 	C:\WINDOWS\System32\WS2_32.dll
0x00007fff43250000 - 0x00007fff43268000 	C:\WINDOWS\SYSTEM32\kernel.appcore.dll
0x00007fff3ee40000 - 0x00007fff3ee51000 	C:\Program Files\Android\Android Studio\jre\bin\verify.dll
0x00007fff41590000 - 0x00007fff417be000 	C:\WINDOWS\SYSTEM32\DBGHELP.DLL
0x00007fff46480000 - 0x00007fff4680a000 	C:\WINDOWS\System32\combase.dll
0x00007fff44bb0000 - 0x00007fff44c87000 	C:\WINDOWS\System32\OLEAUT32.dll
0x00007fff26a60000 - 0x00007fff26a92000 	C:\WINDOWS\SYSTEM32\dbgcore.DLL
0x00007fff44400000 - 0x00007fff4447b000 	C:\WINDOWS\System32\bcryptPrimitives.dll
0x00007fff3ee10000 - 0x00007fff3ee39000 	C:\Program Files\Android\Android Studio\jre\bin\java.dll
0x00007fff3fb90000 - 0x00007fff3fb9b000 	C:\Program Files\Android\Android Studio\jre\bin\jimage.dll
0x00007fff3c1a0000 - 0x00007fff3c1b8000 	C:\Program Files\Android\Android Studio\jre\bin\zip.dll
0x00007fff44d20000 - 0x00007fff4550f000 	C:\WINDOWS\System32\SHELL32.dll
0x00007fff42100000 - 0x00007fff429c8000 	C:\WINDOWS\SYSTEM32\windows.storage.dll
0x00007fff41fc0000 - 0x00007fff420fe000 	C:\WINDOWS\SYSTEM32\wintypes.dll
0x00007fff46220000 - 0x00007fff46311000 	C:\WINDOWS\System32\SHCORE.dll
0x00007fff44b50000 - 0x00007fff44bae000 	C:\WINDOWS\System32\shlwapi.dll
0x00007fff44040000 - 0x00007fff44061000 	C:\WINDOWS\SYSTEM32\profapi.dll
0x00007fff3c180000 - 0x00007fff3c19a000 	C:\Program Files\Android\Android Studio\jre\bin\net.dll
0x00007fff3e830000 - 0x00007fff3e95f000 	C:\WINDOWS\SYSTEM32\WINHTTP.dll
0x00007fff436c0000 - 0x00007fff43729000 	C:\WINDOWS\system32\mswsock.dll
0x00007fff3c160000 - 0x00007fff3c174000 	C:\Program Files\Android\Android Studio\jre\bin\nio.dll
0x00007fff26e20000 - 0x00007fff26e47000 	C:\Users\GEORGE\.gradle\native\e1d6ef7f7dcc3fd88c89a11ec53ec762bb8ba0a96d01ffa2cd45eb1d1d8dd5c5\windows-amd64\native-platform.dll
0x00007ffecc7f0000 - 0x00007ffecc934000 	C:\Users\GEORGE\.gradle\native\5664cfc778a61ccfe75a443a1ab52a65af34e5dc3c78e0209fed803814484fcb\windows-amd64\native-platform-file-events.dll
0x00007fff3ee00000 - 0x00007fff3ee0a000 	C:\Program Files\Android\Android Studio\jre\bin\management.dll
0x00007fff3e640000 - 0x00007fff3e64d000 	C:\Program Files\Android\Android Studio\jre\bin\management_ext.dll
0x00007fff43910000 - 0x00007fff4392b000 	C:\WINDOWS\SYSTEM32\CRYPTSP.dll
0x00007fff431c0000 - 0x00007fff431f5000 	C:\WINDOWS\system32\rsaenh.dll
0x00007fff437b0000 - 0x00007fff437d8000 	C:\WINDOWS\SYSTEM32\USERENV.dll
0x00007fff43ab0000 - 0x00007fff43ad8000 	C:\WINDOWS\SYSTEM32\bcrypt.dll
0x00007fff43930000 - 0x00007fff4393c000 	C:\WINDOWS\SYSTEM32\CRYPTBASE.dll
0x00007fff42ca0000 - 0x00007fff42ccd000 	C:\WINDOWS\SYSTEM32\IPHLPAPI.DLL
0x00007fff45ff0000 - 0x00007fff45ff9000 	C:\WINDOWS\System32\NSI.dll
0x00007fff35f60000 - 0x00007fff35f79000 	C:\WINDOWS\SYSTEM32\dhcpcsvc6.DLL
0x00007fff35d50000 - 0x00007fff35d6f000 	C:\WINDOWS\SYSTEM32\dhcpcsvc.DLL
0x00007fff42cd0000 - 0x00007fff42dc2000 	C:\WINDOWS\SYSTEM32\DNSAPI.dll
0x00007fff43270000 - 0x00007fff432a4000 	C:\WINDOWS\SYSTEM32\ntmarta.dll

dbghelp: loaded successfully - version: 4.0.5 - missing functions: none
symbol engine: initialized successfully - sym options: 0x614 - pdb path: .;C:\Program Files\Android\Android Studio\jre\bin;C:\WINDOWS\SYSTEM32;C:\WINDOWS\WinSxS\amd64_microsoft.windows.common-controls_6595b64144ccf1df_6.0.22621.608_none_a9444ca7c10bb01d;C:\Program Files\Android\Android Studio\jre\bin\server;C:\Users\GEORGE\.gradle\native\e1d6ef7f7dcc3fd88c89a11ec53ec762bb8ba0a96d01ffa2cd45eb1d1d8dd5c5\windows-amd64;C:\Users\GEORGE\.gradle\native\5664cfc778a61ccfe75a443a1ab52a65af34e5dc3c78e0209fed803814484fcb\windows-amd64

VM Arguments:
jvm_args: --add-opens=java.base/java.util=ALL-UNNAMED --add-opens=java.base/java.lang=ALL-UNNAMED --add-opens=java.base/java.lang.invoke=ALL-UNNAMED --add-opens=java.base/java.util=ALL-UNNAMED --add-opens=java.prefs/java.util.prefs=ALL-UNNAMED --add-opens=java.prefs/java.util.prefs=ALL-UNNAMED --add-opens=java.base/java.nio.charset=ALL-UNNAMED --add-opens=java.base/java.net=ALL-UNNAMED --add-opens=java.base/java.util.concurrent.atomic=ALL-UNNAMED -Xmx2048m -Dfile.encoding=UTF-8 -Duser.country=US -Duser.language=en -Duser.variant 
java_command: org.gradle.launcher.daemon.bootstrap.GradleDaemon 7.3.3
java_class_path (initial): C:\Users\GEORGE\.gradle\wrapper\dists\gradle-7.3.3-bin\6a41zxkdtcxs8rphpq6y0069z\gradle-7.3.3\lib\gradle-launcher-7.3.3.jar
Launcher Type: SUN_STANDARD

[Global flags]
     intx CICompilerCount                          = 4                                         {product} {ergonomic}
     uint ConcGCThreads                            = 2                                         {product} {ergonomic}
     uint G1ConcRefinementThreads                  = 8                                         {product} {ergonomic}
   size_t G1HeapRegionSize                         = 1048576                                   {product} {ergonomic}
    uintx GCDrainStackTargetSize                   = 64                                        {product} {ergonomic}
   size_t InitialHeapSize                          = 264241152                                 {product} {ergonomic}
   size_t MarkStackSize                            = 4194304                                   {product} {ergonomic}
   size_t MaxHeapSize                              = 2147483648                                {product} {command line}
   size_t MaxNewSize                               = 1287651328                                {product} {ergonomic}
   size_t MinHeapDeltaBytes                        = 1048576                                   {product} {ergonomic}
    uintx NonNMethodCodeHeapSize                   = 5836300                                {pd product} {ergonomic}
    uintx NonProfiledCodeHeapSize                  = 122910970                              {pd product} {ergonomic}
    uintx ProfiledCodeHeapSize                     = 122910970                              {pd product} {ergonomic}
    uintx ReservedCodeCacheSize                    = 251658240                              {pd product} {ergonomic}
     bool SegmentedCodeCache                       = true                                      {product} {ergonomic}
     bool UseCompressedClassPointers               = true                                 {lp64_product} {ergonomic}
     bool UseCompressedOops                        = true                                 {lp64_product} {ergonomic}
     bool UseG1GC                                  = true                                      {product} {ergonomic}
     bool UseLargePagesIndividualAllocation        = false                                  {pd product} {ergonomic}

Logging:
Log output configuration:
 #0: stdout all=warning uptime,level,tags
 #1: stderr all=off uptime,level,tags

Environment Variables:
PATH=C:\Program Files\Common Files\Oracle\Java\javapath;C:\Program Files (x86)\Common Files\Oracle\Java\javapath;C:\WINDOWS\system32;C:\WINDOWS;C:\WINDOWS\System32\Wbem;C:\WINDOWS\System32\WindowsPowerShell\v1.0\;C:\WINDOWS\System32\OpenSSH\;C:\Program Files\Git\cmd;C:\Program Files\Microsoft SQL Server\150\Tools\Binn\;C:\WINDOWS\system32;C:\WINDOWS;C:\WINDOWS\System32\Wbem;C:\WINDOWS\System32\WindowsPowerShell\v1.0\;C:\WINDOWS\System32\OpenSSH\;C:\Users\GEORGE\AppData\Local\Programs\Python\Python310\Scripts\;C:\Users\GEORGE\AppData\Local\Programs\Python\Python310\;C:\Users\GEORGE\AppData\Local\Microsoft\WindowsApps;;C:\Program Files\JetBrains\IntelliJ IDEA 2020.2.3\bin;;C:\Program Files\JetBrains\PyCharm Community Edition 2022.2.3\bin;
USERNAME=GEORGE
OS=Windows_NT
PROCESSOR_IDENTIFIER=Intel64 Family 6 Model 140 Stepping 1, GenuineIntel



---------------  S Y S T E M  ---------------

OS: Windows 11 , 64 bit Build 22621 (10.0.22621.1105)
OS uptime: 1 days 10:07 hours

CPU:total 8 (initial active 8) (4 cores per cpu, 2 threads per core) family 6 model 140 stepping 1 microcode 0x9a, cmov, cx8, fxsr, mmx, sse, sse2, sse3, ssse3, sse4.1, sse4.2, popcnt, avx, avx2, aes, clmul, erms, 3dnowpref, lzcnt, ht, tsc, tscinvbit, bmi1, bmi2, adx, evex, sha, fma

Memory: 4k page, system-wide physical 16026M (3429M free)
TotalPageFile size 42157M (AvailPageFile size 14M)
current process WorkingSet (physical memory assigned to process): 384M, peak: 509M
current process commit charge ("private bytes"): 596M, peak: 623M

vm_info: OpenJDK 64-Bit Server VM (11.0.13+0-b1751.21-8125866) for windows-amd64 JRE (11.0.13+0-b1751.21-8125866), built on Feb  2 2022 03:00:22 by "builder" with MS VC++ 14.0 (VS2015)

END.
